The email address <em class="placeholder">Jelene.Baker@gov.bc.ca</em> is already taken.
The email address <em class="placeholder">greg.pascucci@cgi.com</em> is already taken.
The email address <em class="placeholder">Coll.Campbell@elections.bc.ca</em> is already taken.
The email address <em class="placeholder">MarkJanzen@computronix.com</em> is already taken.
The email address <em class="placeholder">Gord.Swart@hssbc.ca</em> is already taken.
The email address <em class="placeholder">Aidan.Brand@elections.bc.ca</em> is already taken.
The email address <em class="placeholder">Aidan.Brand@elections.bc.ca</em> is already taken.
The email address <em class="placeholder">Dermot.Flanagan@elections.bc.ca</em> is already taken.
The email address <em class="placeholder">Jordan.Campbell@elections.bc.ca</em> is already taken.
The email address <em class="placeholder">heather.o&#039;brien@telus.com</em> is already taken.
The email address <em class="placeholder">Dermot.Flanagan@elections.bc.ca</em> is already taken.
The email address <em class="placeholder">Dermot.Flanagan@elections.bc.ca</em> is already taken.
The email address <em class="placeholder">Thayne.Werdal@gov.bc.ca</em> is already taken.
The email address <em class="placeholder">Tim.Slater@gov.bc.ca</em> is already taken.
The email address <em class="placeholder">David.Lazarz@elections.bc.ca</em> is already taken.
The email address <em class="placeholder">roderick.reyes@cgi.com</em> is already taken.
The email address <em class="placeholder">Cody.Robertson@elections.bc.ca</em> is already taken.
The email address <em class="placeholder">PHamilton@bcauditor.com</em> is already taken.
The email address <em class="placeholder">Tim.Slater@gov.bc.ca</em> is already taken.
The email address <em class="placeholder">Georgina.Webber@gov.bc.ca</em> is already taken.
The email address <em class="placeholder">Gord.Swart@hssbc.ca</em> is already taken.
The email address <em class="placeholder">Jarvis.Lukow@cgi.com</em> is already taken.
The email address <em class="placeholder">jean-pierre.legris@cgi.com</em> is already taken.
The email address <em class="placeholder">cody.robertson@elections.bc.ca</em> is already taken.
The email address <em class="placeholder">Emily.Chan@gov.bc.ca</em> is already taken.
The email address <em class="placeholder">Ainslie.Lowe@gov.bc.ca</em> is already taken.
The email address <em class="placeholder">David.Lazarz@elections.bc.ca</em> is already taken.
The email address <em class="placeholder">Ruth.Fischer@elections.bc.ca</em> is already taken.
The email address <em class="placeholder">Coll.Campbell@elections.bc.ca</em> is already taken.
The email address <em class="placeholder">Ruth.Fischer@elections.bc.ca</em> is already taken.
The email address <em class="placeholder">PHamilton@bcauditor.com</em> is already taken.
The email address <em class="placeholder">chris.ekkelenkamp@computronix.com</em> is already taken.
The email address <em class="placeholder">steeve.taillon@cgi.com</em> is already taken.
The email address <em class="placeholder">PHamilton@bcauditor.com</em> is already taken.
The email address <em class="placeholder">chris.ekkelenkamp@computronix.com</em> is already taken.
The email address <em class="placeholder">landon.cunningham@cgi.com</em> is already taken.
The email address <em class="placeholder">estelle.maltais@cgi.com</em> is already taken.
The email address <em class="placeholder">Heather.O&#039;Brien@telus.com</em> is already taken.
The email address <em class="placeholder">MarkJanzen@computronix.com</em> is already taken.
The email address <em class="placeholder">greg.pascucci@cgi.com</em> is already taken.
The email address <em class="placeholder">Jordan.Campbell@elections.bc.ca</em> is already taken.
The email address <em class="placeholder">Yannick.a.Tremblay@cgi.com</em> is already taken.
The email address <em class="placeholder">estelle.maltais@cgi.com</em> is already taken.
The email address <em class="placeholder">Adam.Holley@elections.bc.ca</em> is already taken.
The email address <em class="placeholder">chris.cocker@cgi.com</em> is already taken.
The email address <em class="placeholder">Adam.Holley@elections.bc.ca</em> is already taken.
The email address <em class="placeholder">steeve.taillon@cgi.com</em> is already taken.
The email address <em class="placeholder">Roderick.Reyes@cgi.com</em> is already taken.
The email address <em class="placeholder">jean-pierre.legris@cgi.com</em> is already taken.
The email address <em class="placeholder">yannick.a.tremblay@cgi.com</em> is already taken.
The email address <em class="placeholder">Jarvis.Lukow@cgi.com</em> is already taken.
The email address <em class="placeholder">landon.cunningham@cgi.com</em> is already taken.
The email address <em class="placeholder">chris.cocker@cgi.com</em> is already taken.
The email address <em class="placeholder">Valerie.Cadoret@interiorhealth.ca</em> is already taken.
