ftp_connect(): php_network_getaddresses: getaddrinfo failed: Name or service not known 2 /var/www/public/work8/web/core/lib/Drupal/Core/FileTransfer/FTPExtension.php 14

ftp_login(): Non-anonymous sessions must use encryption. 2 /var/www/public/work8/web/core/lib/Drupal/Core/FileTransfer/FTPExtension.php 19

fopen(modules/custom/atwork_idir_update/idir/idir_20180730.tsv): failed to open stream: No such file or directory 2 /var/www/public/work8/web/modules/custom/atwork_idir_update/src/Controller/AtworkIdirUpdateController.php 130

ftp_login(): Non-anonymous sessions must use encryption. 2 /var/www/public/work8/web/core/lib/Drupal/Core/FileTransfer/FTPExtension.php 19

ftp_login(): Non-anonymous sessions must use encryption. 2 /var/www/public/work8/web/core/lib/Drupal/Core/FileTransfer/FTPExtension.php 19

ftp_login(): Non-anonymous sessions must use encryption. 2 /var/www/public/work8/web/core/lib/Drupal/Core/FileTransfer/FTPExtension.php 19

Undefined variable: ftp_result 8 /var/www/public/work8/web/modules/custom/atwork_idir_update/src/Controller/AtworkIdirUpdateController.php 77

Undefined variable: ftp_result 8 /var/www/public/work8/web/modules/custom/atwork_idir_update/src/Controller/AtworkIdirUpdateController.php 77

Missing argument 2 for Drupal\Core\FileTransfer\SSH::__construct(), called in /var/www/public/work8/web/modules/custom/atwork_idir_update/src/AtworkIdirUpdateFTP.php on line 16 and defined 2 /var/www/public/work8/web/core/lib/Drupal/Core/FileTransfer/SSH.php 13

Missing argument 2 for Drupal\Core\FileTransfer\SSH::__construct(), called in /var/www/public/work8/web/modules/custom/atwork_idir_update/src/AtworkIdirUpdateFTP.php on line 16 and defined 2 /var/www/public/work8/web/core/lib/Drupal/Core/FileTransfer/SSH.php 13

Undefined variable: true 8 /var/www/public/work8/web/modules/custom/atwork_idir_update/src/AtworkIdirUpdateFTP.php 27

Undefined variable: true 8 /var/www/public/work8/web/modules/custom/atwork_idir_update/src/AtworkIdirUpdateFTP.php 27

ftp_login(): Non-anonymous sessions must use encryption. 2 /var/www/public/work8/web/core/lib/Drupal/Core/FileTransfer/FTPExtension.php 19

ftp_login(): Non-anonymous sessions must use encryption. 2 /var/www/public/work8/web/core/lib/Drupal/Core/FileTransfer/FTPExtension.php 19

ftp_connect(): php_network_getaddresses: getaddrinfo failed: Name or service not known 2 /var/www/public/work8/web/core/lib/Drupal/Core/FileTransfer/FTPExtension.php 14

ftp_login(): Non-anonymous sessions must use encryption. 2 /var/www/public/work8/web/core/lib/Drupal/Core/FileTransfer/FTPExtension.php 19

ftp_login(): Non-anonymous sessions must use encryption. 2 /var/www/public/work8/web/core/lib/Drupal/Core/FileTransfer/FTPExtension.php 19

ftp_login(): Non-anonymous sessions must use encryption. 2 /var/www/public/work8/web/core/lib/Drupal/Core/FileTransfer/FTPExtension.php 19

ftp_login(): Non-anonymous sessions must use encryption. 2 /var/www/public/work8/web/core/lib/Drupal/Core/FileTransfer/FTPExtension.php 19

ftp_login(): Non-anonymous sessions must use encryption. 2 /var/www/public/work8/web/core/lib/Drupal/Core/FileTransfer/FTPExtension.php 19

ftp_login(): Non-anonymous sessions must use encryption. 2 /var/www/public/work8/web/core/lib/Drupal/Core/FileTransfer/FTPExtension.php 19

ftp_login(): Non-anonymous sessions must use encryption. 2 /var/www/public/work8/web/core/lib/Drupal/Core/FileTransfer/FTPExtension.php 19

ftp_login(): Non-anonymous sessions must use encryption. 2 /var/www/public/work8/web/core/lib/Drupal/Core/FileTransfer/FTPExtension.php 19

ftp_login(): Non-anonymous sessions must use encryption. 2 /var/www/public/work8/web/core/lib/Drupal/Core/FileTransfer/FTPExtension.php 19

Undefined variable: request 8 /var/www/public/work8/web/modules/custom/atwork_idir_update/src/Controller/AtworkIdirUpdateController.php 86

Undefined variable: request 8 /var/www/public/work8/web/modules/custom/atwork_idir_update/src/Controller/AtworkIdirUpdateController.php 86

Undefined variable: request 8 /var/www/public/work8/web/modules/custom/atwork_idir_update/src/Controller/AtworkIdirUpdateController.php 86

Undefined variable: request 8 /var/www/public/work8/web/modules/custom/atwork_idir_update/src/Controller/AtworkIdirUpdateController.php 86

Undefined variable: request 8 /var/www/public/work8/web/modules/custom/atwork_idir_update/src/Controller/AtworkIdirUpdateController.php 86

Undefined variable: request 8 /var/www/public/work8/web/modules/custom/atwork_idir_update/src/Controller/AtworkIdirUpdateController.php 86

ftp_connect(): php_network_getaddresses: getaddrinfo failed: Name or service not known 2 /var/www/public/work8/web/core/lib/Drupal/Core/FileTransfer/FTPExtension.php 14

ftp_ssl_connect(): php_network_getaddresses: getaddrinfo failed: Name or service not known 2 /var/www/public/work8/web/core/lib/Drupal/Core/FileTransfer/FTPExtension.php 14

ftp_ssl_connect(): php_network_getaddresses: getaddrinfo failed: Name or service not known 2 /var/www/public/work8/web/core/lib/Drupal/Core/FileTransfer/FTPExtension.php 14

ftp_ssl_connect(): php_network_getaddresses: getaddrinfo failed: Name or service not known 2 /var/www/public/work8/web/core/lib/Drupal/Core/FileTransfer/FTPExtension.php 14

ftp_ssl_connect(): php_network_getaddresses: getaddrinfo failed: Name or service not known 2 /var/www/public/work8/web/core/lib/Drupal/Core/FileTransfer/FTPExtension.php 14

ftp_ssl_connect(): php_network_getaddresses: getaddrinfo failed: Name or service not known 2 /var/www/public/work8/web/core/lib/Drupal/Core/FileTransfer/FTPExtension.php 14

ftp_ssl_connect(): php_network_getaddresses: getaddrinfo failed: Name or service not known 2 /var/www/public/work8/web/core/lib/Drupal/Core/FileTransfer/FTPExtension.php 14

