New directory created at Public://idir/20180803
Remote idir.tsv file found
Copied the file to drupal public folder
Logs were successfully split
Beginning to delete old idirs.
The delete script finished successfully
Beginning to update current Idirs
User SKWHITE Updated
User AMERCER Updated
User CTOOR Updated
User AWIND Updated
User DETHOMAS Updated
User KLINEHAN Updated
User HLEE Updated
User SHAMURRA Updated
User MELOEWEN Updated
User michwhit Updated
New user RKAUR created
User mgwartne Updated
User MDYCK Updated
User NBLOCK Updated
User kaitlorr Updated
User CAIPHILL Updated
User DMICKLEF Updated
User SHAFLYNN Updated
User CCRAIK Updated
User phetheri Updated
New user LSCHROED created
User CHERSTEI Updated
User SAMSAMRA Updated
User HWAGNER Updated
User MAJAIN Updated
User JIKENDAL Updated
User DLPETERS Updated
User JMLUTZER Updated
User JRGREEN Updated
User znazarko Updated
New user ASABY created
User EMACKINT Updated
User NEAVERY Updated
User ERCOVERD Updated
User PRGIANNO Updated
User RDGILHES Updated
New user LBARANOW created
User KWINTER Updated
User SMMURPHY Updated
User SRKAJLA Updated
User SRUSS Updated
User GADOBBIE Updated
User EMIGNOT Updated
User BGRAF Updated
User TSHARIFI Updated
User SCMAXSON Updated
User RJALLEN Updated
User TSINNES Updated
User FHANNAH Updated
User SCHU Updated
User NDHERARI Updated
User JEDUCKWO Updated
User KJLEGERE Updated
User TBARTKO Updated
User HEGREWAL Updated
User JSAMRA Updated
User WFSMITH Updated
User KEMCCONN Updated
User SADDIS Updated
User JJWELTON Updated
User DMCEACHE Updated
User MDAILLY Updated
New user SEHOLT created
User DABUCKLE Updated
User IPANTOVI Updated
User tmcmicki Updated
New user MELADAMS created
User EDRINKRO Updated
User MBEYER Updated
User PCHALMER Updated
New user ANJOSHI created
User susmclea Updated
User CBENTLEY Updated
User RPWALKER Updated
User YREMTULL Updated
User OPOJAR Updated
User AMYHU Updated
User LREZZA Updated
User EMOELLER Updated
User PAULDAGG Updated
User JSHIELDS Updated
User SHAGILL Updated
User DKERTON Updated
User FERICKSO Updated
User BLLAWLEY Updated
User KHAZLETT Updated
User cmackin Updated
User RSPRINGI Updated
User LWALTON Updated
User JASANGHE Updated
New user TKNIGHT created
User SPUROHIT Updated
User SANHEIDT Updated
New user MMAIDMEN created
User HEJENKIN Updated
User KTHALER Updated
User JWATTERS Updated
User NCHHIBBE Updated
User MABEAUDR Updated
User JENNCAMP Updated
User WBIEMOND Updated
User LEBAILE Updated
User PHATCH Updated
User RIMAHAL Updated
User SSTYLES Updated
User JEMORRIS Updated
User JMCCOLL Updated
User RTOMANA Updated
User DHSMALL Updated
User KTIFFIN Updated
User MCMAHON Updated
New user KTHORNTO created
User kwatters Updated
User stphelan Updated
User MFRIBERG Updated
User bobherr Updated
User schooper Updated
User pbennet Updated
User nichwong Updated
User nmcintosh Updated
User KBOUDEWY Updated
User CREBAGLI Updated
New user MBEAUDRY created
User NESSA Updated
User CXVANSLY Updated
User RBIEDRAV Updated
User SCUBBON Updated
User JELLIOTT Updated
User SRALLA Updated
User BCOLBOW Updated
User CASPRATT Updated
User MBJACKSO Updated
User SKAMPHOF Updated
User RPEEL Updated
User GFUENTES Updated
User JUCHAPLI Updated
New user NIKENT created
User VRYAN Updated
User JOPHEIM Updated
User SUSANRAS Updated
User LLI Updated
User JMCHANG Updated
New user THBRENNA created
User MLEONE Updated
User MICHTOTH Updated
User ETULLY Updated
New user JMCGEOUG created
User KBONNER Updated
User LYSKLENK Updated
User NISINCLA Updated
User TINAMANN Updated
User AYOUNG Updated
User AABHATNA Updated
User BWHITTOM Updated
User MD1SMITH Updated
User BRAGAULD Updated
User MICHSANG Updated
User WMAIN Updated
User GVAILLA Updated
User KVERNER Updated
User SVEGOTS Updated
User JLLOVE Updated
User NMATTU Updated
User BREROBIN Updated
User SBHASKAR Updated
User LESBAKER Updated
User YUKAARAI Updated
User BHKEIGAN Updated
User GSHEN Updated
User MELDAWE Updated
User CLEON Updated
User TBLANCHA Updated
User JBACON Updated
User EYEO Updated
User JESMORRI Updated
New user ELATTANZ created
New user MERCSCHM created
New user CSCHULZ created
New user MSOEHN created
New user JUWILSON created
New user SREHSLER created
New user JBARRETT created
New user LOPEARSO created
New user STBLAIS created
New user BEBARATI created
New user ANLINDOF created
New user HASATWAL created
New user STLEONG created
New user TOLAWSON created
The update script finished successfully
Beginning to add new Idirs
New user VATNGO created
New user ALDUFOUR created
New user JOBOUCHA created
New user SBRYER created
New user BHAUG created
New user LASHBY created
New user RTERECK created
New user JPARK created
New user NSTAFL created
New user KIWEIR created
New user NJANCEWI created
New user MOWALL created
New user FERNWHIT created
New user IMACINTY created
New user PALOMORO created
New user COMARTIN created
New user MALAJOIE created
New user TRINAMOR created
New user CCEN created
New user OTTOSCHM created
New user JSMOKE created
New user SCSHAW created
New user MCSAUVE created
New user BRONEILL created
New user MABOWER created
New user KKRISTEN created
New user NCHADHA created
New user KIFERGUS created
New user RORSER created
New user SLUND created
New user CALOGANB created
New user LWIRTH created
New user ABOUVET created
New user SMARTO created
New user MOSEKHON created
The add script finished successfully
All Idir updates finished successfully
