New directory created at Public://idir/20180801
Remote idir.tsv file found
Copied the file to drupal public folder
Logs were successfully split
Beginning to delete old idirs.
New directory created at Public://idir/20180801
Remote idir.tsv file found
Copied the file to drupal public folder
Logs were successfully split
Beginning to delete old idirs.
New directory created at Public://idir/20180801
Remote idir.tsv file found
Copied the file to drupal public folder
Logs were successfully split
Beginning to delete old idirs.
New directory created at Public://idir/20180801
Remote idir.tsv file found
Copied the file to drupal public folder
Logs were successfully split
Beginning to delete old idirs.
New directory created at Public://idir/20180801
Remote idir.tsv file found
Copied the file to drupal public folder
Logs were successfully split
Beginning to delete old idirs.
New directory created at Public://idir/20180801
Remote idir.tsv file found
Copied the file to drupal public folder
Logs were successfully split
Beginning to delete old idirs.
New directory created at Public://idir/20180801
Remote idir.tsv file found
Copied the file to drupal public folder
Logs were successfully split
Beginning to delete old idirs.
New directory created at Public://idir/20180801
Remote idir.tsv file found
Copied the file to drupal public folder
Logs were successfully split
Beginning to delete old idirs.
New directory created at Public://idir/20180801
Remote idir.tsv file found
Copied the file to drupal public folder
Logs were successfully split
Beginning to delete old idirs.
New directory created at Public://idir/20180801
Remote idir.tsv file found
Copied the file to drupal public folder
Logs were successfully split
Beginning to delete old idirs.
New directory created at Public://idir/20180801
Remote idir.tsv file found
Copied the file to drupal public folder
Logs were successfully split
Beginning to delete old idirs.
New directory created at Public://idir/20180801
Remote idir.tsv file found
Copied the file to drupal public folder
Logs were successfully split
Beginning to delete old idirs.
The delete script finished successfully
Beginning to update current Idirs
New directory created at Public://idir/20180801
Remote idir.tsv file found
Copied the file to drupal public folder
Logs were successfully split
Beginning to delete old idirs.
The delete script finished successfully
Beginning to update current Idirs
User KLROGERS Updated
User RACLARKE Updated
User BRIHILLS Updated
User ANICHOL Updated
User EWEI Updated
User MTYLER Updated
User KLINEHAN Updated
User ADILLON Updated
User HLEE Updated
User LIZMARKO Updated
User LEJACKSO Updated
User LAHEBERT Updated
User MTMCARTH Updated
User NGALEGO Updated
User GEMCQUEE Updated
User KBANFIEL Updated
User TGARNEAU Updated
User BASAMPSO Updated
New user STSTRAN created
User MNEKURAK Updated
User MICABAVE Updated
User CJENKINS Updated
User TINYOUNG Updated
User LFENG Updated
User CSOLOMON Updated
User CMCLOUAT Updated
User FMARSHAL Updated
User GCGRUNAU Updated
User ARLMCELW Updated
User JMEADOWS Updated
User MJONNSON Updated
User ANCAIRNS Updated
User KMCLEAN Updated
User KRPOMERO Updated
User KRUTHERF Updated
User MLUIS Updated
User LISTARK Updated
User RWSTEVEN Updated
User TAPETROV Updated
User CAMORGAN Updated
User NLSMITH Updated
User AJAREB Updated
User LHAZELDI Updated
User JALUX Updated
User MODAVIES Updated
User LHALWANI Updated
User CENEVILL Updated
User NADHILLO Updated
User JLREIMER Updated
User SSHERGIL Updated
User JBERKOWI Updated
New user LOSANTIA created
User CHICKE Updated
User BSCHLEY Updated
New user NMELIKHO created
User NEBICKER Updated
User MSELEZN Updated
User LSLARSEN Updated
User KSPUREK Updated
User SHETAYLO Updated
User RKAMPUIS Updated
User KTERRICO Updated
User REBARNES Updated
User SBRADBUR Updated
New user KMURRELL created
User SARBLAKE Updated
New user JFAVELLE created
User BRIANEPP Updated
User BSEEBERG Updated
User JEATKINS Updated
User ARATZBU Updated
User DAPECHNI Updated
User AKATAOKA Updated
User PDHESI Updated
User TANICHOL Updated
New user HJALIL created
User AYANCHEN Updated
New user BDOPPERT created
User MSOURSOS Updated
User SPYNE Updated
User HZACHARI Updated
New user MQUINN created
User PDHULKU Updated
User HREINIKK Updated
User CWINCHES Updated
User ECZECK Updated
User JAMWILSO Updated
User LAURALIU Updated
User KTHWAITE Updated
User MHOANG Updated
User RJACKMAN Updated
User SUBUCKOS Updated
User IOPPERMA Updated
User MMAAS Updated
User JEWARNER Updated
User KATROBIN Updated
User JPCLELLA Updated
User CHSWAN Updated
User BWAUTHY Updated
User JULPURCH Updated
User DAHUANG Updated
User LHEWETT Updated
User MASAVARD Updated
User DJRICHDA Updated
User JCRIBB Updated
User DSIGG Updated
User CBOWLES Updated
User MAYROBSO Updated
User JENNCAMP Updated
User DBRUNTON Updated
User SHPOONJA Updated
User SPAKINDE Updated
User FRANSHEW Updated
User MARIMOCH Updated
User KHODGETT Updated
User KSCHUSTE Updated
User RAYLOTTO Updated
User DEBPAGE Updated
User JGRIFFIT Updated
User BSTAYLOR Updated
User MEHOPSON Updated
User EATKINS Updated
User NHAMELIN Updated
User JROOT Updated
User KABSMITH Updated
User VIKHANNA Updated
User NTANSKY Updated
User PRHAYER Updated
User CPYLATUK Updated
User NKRALJEV Updated
User JASMACMI Updated
User SKAMPHOF Updated
User KMAE Updated
New user EDEVOE created
User REEWILLI Updated
User BRLEBLAN Updated
User AMWALLAC Updated
User ABRIMMEL Updated
User KHALTHAI Updated
User CAMURPHY Updated
User JIJOSEPH Updated
User PPOUDEL Updated
User MWITTON Updated
User MERIASH Updated
User TPAWLUK Updated
User CARMENR Updated
User JDUNLOP Updated
User KELYOUNG Updated
User DAPPLEBY Updated
User TRETTY Updated
User MRASHEAD Updated
User BPARROTT Updated
User MJFAST Updated
User RJACK Updated
User CGARDNER Updated
User JBACON Updated
User CAHUDSON Updated
User SHMURPHY Updated
User ARIDDLE Updated
User RPOWER Updated
User CIKELLY Updated
User SHWONG Updated
New user DESCHWAR created
New user MPHIPPS created
New user CAHOLLAN created
New user THJACOBS created
New user ASMART created
New user JSANTOLA created
New user VPALMER created
New user LBURKE created
New user AAWILLIA created
The update script finished successfully
Beginning to add new Idirs
New user AKIDD created
New user SUSOLANK created
New user MMUMBY created
New user DAMOS created
New user VZHANG created
New user MHEDBERG created
New user STTHOMPS created
New user NORAREID created
New user BLOGAN created
User RDMCCABE Updated
New user NGRABE created
New user DGUILBRI created
New user GMISHRA created
New user CGUSTAFS created
New user TLANDRY created
New user IPANTOVI created
New user BRCHIONG created
New user ACARRETT created
New user PEARGAST created
New user MSPARKS created
New user JWHITING created
New user HMAGNIN created
New user SBAO created
New user LJERMANN created
New user JOBROWN created
New user BLUKOSE created
New user REELLIOT created
New user SIMEGAW created
New user AGROVER created
New user ALIHEMAN created
New user TDRLIK created
New user BCCSMERC created
New user PDEZOYSA created
New user BVOUTE created
New user SSAAD created
New user WKONKIN created
New user DIATHOMA created
New user DAGIBSON created
New user SKALMAN created
New user MIRUSSEL created
The add script finished successfully
All Idir updates finished successfully
New directory created at Public://idir/20180801
Remote idir.tsv file found
Copied the file to drupal public folder
Logs were successfully split
Beginning to delete old idirs.
The delete script finished successfully
Beginning to update current Idirs
User KLROGERS Updated
User RACLARKE Updated
User BRIHILLS Updated
User ANICHOL Updated
User EWEI Updated
User MTYLER Updated
User KLINEHAN Updated
User ADILLON Updated
User HLEE Updated
User LIZMARKO Updated
User LEJACKSO Updated
User LAHEBERT Updated
User MTMCARTH Updated
User NGALEGO Updated
User GEMCQUEE Updated
User KBANFIEL Updated
User TGARNEAU Updated
User BASAMPSO Updated
User STSTRAN Updated
User MNEKURAK Updated
User MICABAVE Updated
User CJENKINS Updated
User TINYOUNG Updated
User LFENG Updated
User CSOLOMON Updated
User CMCLOUAT Updated
User FMARSHAL Updated
User GCGRUNAU Updated
User ARLMCELW Updated
User JMEADOWS Updated
User MJONNSON Updated
User ANCAIRNS Updated
User KMCLEAN Updated
User KRPOMERO Updated
User KRUTHERF Updated
User MLUIS Updated
User LISTARK Updated
User RWSTEVEN Updated
User TAPETROV Updated
User CAMORGAN Updated
User NLSMITH Updated
User AJAREB Updated
User LHAZELDI Updated
User JALUX Updated
User MODAVIES Updated
User LHALWANI Updated
User CENEVILL Updated
User NADHILLO Updated
User JLREIMER Updated
User SSHERGIL Updated
User JBERKOWI Updated
User LOSANTIA Updated
User CHICKE Updated
User BSCHLEY Updated
User NMELIKHO Updated
User NEBICKER Updated
User MSELEZN Updated
User LSLARSEN Updated
User KSPUREK Updated
User SHETAYLO Updated
User RKAMPUIS Updated
User KTERRICO Updated
User REBARNES Updated
User SBRADBUR Updated
User KMURRELL Updated
User SARBLAKE Updated
User JFAVELLE Updated
User BRIANEPP Updated
User BSEEBERG Updated
User JEATKINS Updated
User ARATZBU Updated
User DAPECHNI Updated
User AKATAOKA Updated
User PDHESI Updated
User TANICHOL Updated
User HJALIL Updated
User AYANCHEN Updated
User BDOPPERT Updated
User MSOURSOS Updated
User SPYNE Updated
User HZACHARI Updated
User MQUINN Updated
User PDHULKU Updated
User HREINIKK Updated
User CWINCHES Updated
User ECZECK Updated
User JAMWILSO Updated
User LAURALIU Updated
User KTHWAITE Updated
User MHOANG Updated
User RJACKMAN Updated
User SUBUCKOS Updated
User IOPPERMA Updated
User MMAAS Updated
User JEWARNER Updated
User KATROBIN Updated
User JPCLELLA Updated
User CHSWAN Updated
User BWAUTHY Updated
User JULPURCH Updated
User DAHUANG Updated
User LHEWETT Updated
User MASAVARD Updated
User DJRICHDA Updated
User JCRIBB Updated
User DSIGG Updated
User CBOWLES Updated
User MAYROBSO Updated
User JENNCAMP Updated
User DBRUNTON Updated
User SHPOONJA Updated
User SPAKINDE Updated
User FRANSHEW Updated
User MARIMOCH Updated
User KHODGETT Updated
User KSCHUSTE Updated
User RAYLOTTO Updated
User DEBPAGE Updated
User JGRIFFIT Updated
User BSTAYLOR Updated
User MEHOPSON Updated
User EATKINS Updated
User NHAMELIN Updated
User JROOT Updated
User KABSMITH Updated
User VIKHANNA Updated
User NTANSKY Updated
User PRHAYER Updated
User CPYLATUK Updated
User NKRALJEV Updated
User JASMACMI Updated
User SKAMPHOF Updated
User KMAE Updated
User EDEVOE Updated
User REEWILLI Updated
User BRLEBLAN Updated
User AMWALLAC Updated
User ABRIMMEL Updated
User KHALTHAI Updated
User CAMURPHY Updated
User JIJOSEPH Updated
User PPOUDEL Updated
User MWITTON Updated
User MERIASH Updated
User TPAWLUK Updated
User CARMENR Updated
User JDUNLOP Updated
User KELYOUNG Updated
User DAPPLEBY Updated
User TRETTY Updated
User MRASHEAD Updated
User BPARROTT Updated
User MJFAST Updated
User RJACK Updated
User CGARDNER Updated
User JBACON Updated
User CAHUDSON Updated
User SHMURPHY Updated
User ARIDDLE Updated
User RPOWER Updated
User CIKELLY Updated
User SHWONG Updated
User DESCHWAR Updated
User MPHIPPS Updated
User CAHOLLAN Updated
User THJACOBS Updated
User ASMART Updated
User JSANTOLA Updated
User VPALMER Updated
User LBURKE Updated
User AAWILLIA Updated
The update script finished successfully
Beginning to add new Idirs
User AKIDD Updated
User SUSOLANK Updated
User MMUMBY Updated
User DAMOS Updated
User VZHANG Updated
User MHEDBERG Updated
User STTHOMPS Updated
User NORAREID Updated
User BLOGAN Updated
User RDMCCABE Updated
User NGRABE Updated
User DGUILBRI Updated
User GMISHRA Updated
User CGUSTAFS Updated
User TLANDRY Updated
User IPANTOVI Updated
User BRCHIONG Updated
User ACARRETT Updated
User PEARGAST Updated
User MSPARKS Updated
User JWHITING Updated
User HMAGNIN Updated
User SBAO Updated
User LJERMANN Updated
User JOBROWN Updated
User BLUKOSE Updated
User REELLIOT Updated
User SIMEGAW Updated
User AGROVER Updated
User ALIHEMAN Updated
User TDRLIK Updated
User BCCSMERC Updated
User PDEZOYSA Updated
User BVOUTE Updated
User SSAAD Updated
User WKONKIN Updated
User DIATHOMA Updated
User DAGIBSON Updated
User SKALMAN Updated
User MIRUSSEL Updated
The add script finished successfully
All Idir updates finished successfully
