New directory created at Public://idir/20180731
File found
Copied the file to drupal public folder
Logs were successfully split
Beginning to delete old idirs.
The delete script finished successfully
Beginning to update current Idirs
The update script finished successfully
Beginning to add new Idirs
The add script finished successfully
All Idir updates finished successfully
New directory created at Public://idir/20180731
Remote idir.tsv file found
Copied the file to drupal public folder
Logs were successfully split
Beginning to delete old idirs.
The delete script finished successfully
Beginning to update current Idirs
The update script finished successfully
Beginning to add new Idirs
The add script finished successfully
All Idir updates finished successfully
New directory created at Public://idir/20180731
Remote idir.tsv file found
Copied the file to drupal public folder
Logs were successfully split
Beginning to delete old idirs.
The delete script finished successfully
Beginning to update current Idirs
The update script finished successfully
Beginning to add new Idirs
The add script finished successfully
All Idir updates finished successfully
New directory created at Public://idir/20180731
Remote idir.tsv file found
Copied the file to drupal public folder
Logs were successfully split
Beginning to delete old idirs.
The delete script finished successfully
Beginning to update current Idirs
The update script finished successfully
Beginning to add new Idirs
The add script finished successfully
All Idir updates finished successfully
