New directory created at Public://idir/20180808
Remote idir.tsv file found
Copied the file to drupal public folder
Logs were successfully split
Beginning to delete old idirs.
The delete script finished successfully
Beginning to update current Idirs
User PTANDERS Updated
User CAWEBB Updated
New user TINLEE created
User KCOWAN Updated
User COMINDEL Updated
User KYEE Updated
User CAMIRAND Updated
User BAJACQUE Updated
User AHUNTER Updated
User FOTSONIS Updated
User JNOVOTNY Updated
New user ASCHWAER created
User TPOTULIC Updated
User JULBOLST Updated
New user ANTREIJS created
User CCALDWEL Updated
User RMPIKE Updated
User DLGIBBS Updated
User DYPLEUNG Updated
New user CANLTRFR created
User KFTREMBL Updated
User KMDURAND Updated
User LHFERDON Updated
User KRANOGAJ Updated
New user NEMORRIS created
User PYEO Updated
User TCARUSO Updated
User RLSOO Updated
User SAPERRY Updated
User ZVANROSS Updated
User TYOUNG Updated
User CNANDERS Updated
User SPMORNEA Updated
User TLEHMAN Updated
User DESTOBBE Updated
User DUNGUYEN Updated
User BELINDAL Updated
User GHUAGUO Updated
User JZUBROD Updated
User MAHMED Updated
User KATLTOLT Updated
User PEZAZZI Updated
New user DMCKENZI created
New user GBADGER created
User MKIRBY Updated
User EUSCHIND Updated
User TYCHRIST Updated
User RDEVKOTA Updated
New user BTIDALGO created
User CBENSON Updated
User NCACERES Updated
User LGRINDLE Updated
User LPARTRID Updated
User BGHESQUI Updated
User GEANDREW Updated
User LDSMITH Updated
User SSTRYMEC Updated
User KKRIESE Updated
User VHUNSAKE Updated
User SEANMCKE Updated
User TRMITTON Updated
User CHRPETER Updated
User MEWONG Updated
New user MARJONES created
User DLENTON Updated
User CDOLIGHA Updated
User DACRAWFO Updated
User CHRCHAN Updated
User MHSTUCKE Updated
User RLAROCHE Updated
User MSAENI Updated
User GEPATERS Updated
User JMMULLAN Updated
User EPOULSEN Updated
User MERFRIES Updated
User DKUDINDA Updated
User RGEMME Updated
User THUANG Updated
User RYFORMAN Updated
User JUSHAVER Updated
User SHGOULD Updated
User AVFRIESE Updated
User JERWOOD Updated
New user JALFORD created
User MBOBROWN Updated
User MBURROWS Updated
User RTAIT Updated
User ACALARCO Updated
User COUJONES Updated
User AKESEK Updated
User CANMILLE Updated
User ELLKAYER Updated
User KNICHOLS Updated
User NSMITH Updated
User CEJACKSO Updated
User LTHERRIE Updated
User FACACC Updated
User CXVANSLY Updated
User SACHTZNE Updated
User LWINKER Updated
User ITCHANGM Updated
User BSALKUS Updated
New user JOSUNGA created
User SSAFARKH Updated
User KKERSTEN Updated
New user GIOCARTE created
New user CWENDLAN created
New user SVJOHNSO created
User AFONTAIN Updated
User NDUA Updated
User CTAIT Updated
User TEWAGNER Updated
New user CBURNETT created
User JNDHILLO Updated
User JOXLER Updated
New user LIHIETAL created
User LLESLIE Updated
User DIANMORR Updated
User CZERR Updated
User EDHADIKI Updated
User CDOBBYN Updated
User CBOURDON Updated
New user PCHEETHA created
User EBMARTIN Updated
User GRAMAXFI Updated
User ARGORDON Updated
User ASTARR Updated
User ABASSO Updated
New user THTAYLOR created
User ALEANGUS Updated
User ZFABRIKO Updated
User ELVANDRO Updated
User TOMWISKI Updated
User SSUNDHER Updated
User SHSU Updated
User ALIWATT Updated
User BTINKLER Updated
User SFRANKLI Updated
User KPHAIR Updated
User NBRONSRO Updated
User SLAVOIE Updated
New user JENLAM created
New user RRISI created
User SHADIMAH Updated
User AVANBAAR Updated
User LHARTLAN Updated
User EKIWANUK Updated
User JLOKHORS Updated
User JLANGE Updated
User AFONG Updated
User TMIDDLET Updated
User LIANDREW Updated
User MACARPEN Updated
New user JANGREEN created
New user MPIERSON created
User PEARGAST Updated
New user TCARR created
New user MSUTTON created
New user KSPENCE created
The update script finished successfully
Beginning to add new Idirs
User RDFRANK Updated
New user DRTOWNSE created
New user JMORROS created
New user BBEAR created
New user KICHURCH created
New user KJJAMES created
New user CHRISDAV created
New user NOKEARNE created
New user JOHNDIXO created
New user TERLO created
New user SSGREWAL created
New user JROMANO created
New user KAVERMA created
New user VMCCARTN created
New user WSLUYTER created
New user JFRASER created
New user MTARONGA created
New user EMASINDA created
New user SAMONEO created
New user KPOULIN created
New user GSTANCAT created
New user SASMART created
New user JMCCARTH created
New user IBOPARAI created
New user LMMCANIS created
New user JTSCHAMP created
New user JBERUBE created
New user KIRSDRUM created
New user PAPEARSO created
New user ELAIDMAN created
New user RFIDDLER created
New user ZTURNBUL created
New user JOLOVE created
New user JABIEHLE created
New user AKAMRA created
New user KRAMPERS created
New user KBACHMAN created
New user THOCAMPB created
New user UPAPANAS created
New user KCHADWIC created
New user NEASTHOP created
New user JSWILLIA created
New user PTOURANG created
New user LINBARRY created
New user CHALLEN created
New user JUMUNRO created
New user CSUVEGES created
New user DOBURNS created
New user AWHITCHU created
New user DANTONYS created
New user ARIEBE created
New user JGAIBOR created
New user BAKENT created
New user MAREEVES created
New user JOHNSUTT created
New user ABEAR created
New user KBARLOW created
New user JCHABOYE created
The add script finished successfully
All Idir updates finished successfully
New directory created at Public://idir/20180808
Remote idir.tsv file found
Copied the file to drupal public folder
Logs were successfully split
Beginning to delete old idirs.
The delete script finished successfully
Beginning to update current Idirs
User PTANDERS Updated
User CAWEBB Updated
User TINLEE Updated
User KCOWAN Updated
User COMINDEL Updated
User KYEE Updated
User CAMIRAND Updated
User BAJACQUE Updated
User AHUNTER Updated
User FOTSONIS Updated
User JNOVOTNY Updated
User ASCHWAER Updated
User TPOTULIC Updated
User JULBOLST Updated
User ANTREIJS Updated
User CCALDWEL Updated
User RMPIKE Updated
User DLGIBBS Updated
User DYPLEUNG Updated
User CANLTRFR Updated
User KFTREMBL Updated
User KMDURAND Updated
User LHFERDON Updated
User KRANOGAJ Updated
User NEMORRIS Updated
User PYEO Updated
User TCARUSO Updated
User RLSOO Updated
User SAPERRY Updated
User ZVANROSS Updated
User TYOUNG Updated
User CNANDERS Updated
User SPMORNEA Updated
User TLEHMAN Updated
User DESTOBBE Updated
User DUNGUYEN Updated
User BELINDAL Updated
User GHUAGUO Updated
User JZUBROD Updated
User MAHMED Updated
User KATLTOLT Updated
User PEZAZZI Updated
User DMCKENZI Updated
User GBADGER Updated
User MKIRBY Updated
User EUSCHIND Updated
User TYCHRIST Updated
User RDEVKOTA Updated
User BTIDALGO Updated
User CBENSON Updated
User NCACERES Updated
User LGRINDLE Updated
User LPARTRID Updated
User BGHESQUI Updated
User GEANDREW Updated
User LDSMITH Updated
User SSTRYMEC Updated
User KKRIESE Updated
User VHUNSAKE Updated
User SEANMCKE Updated
User TRMITTON Updated
User CHRPETER Updated
User MEWONG Updated
User MARJONES Updated
User DLENTON Updated
User CDOLIGHA Updated
User DACRAWFO Updated
User CHRCHAN Updated
User MHSTUCKE Updated
User RLAROCHE Updated
User MSAENI Updated
User GEPATERS Updated
User JMMULLAN Updated
User EPOULSEN Updated
User MERFRIES Updated
User DKUDINDA Updated
User RGEMME Updated
User THUANG Updated
User RYFORMAN Updated
User JUSHAVER Updated
User SHGOULD Updated
User AVFRIESE Updated
User JERWOOD Updated
User JALFORD Updated
User MBOBROWN Updated
User MBURROWS Updated
User RTAIT Updated
User ACALARCO Updated
User COUJONES Updated
User AKESEK Updated
User CANMILLE Updated
User ELLKAYER Updated
User KNICHOLS Updated
User NSMITH Updated
User CEJACKSO Updated
User LTHERRIE Updated
User FACACC Updated
User CXVANSLY Updated
User SACHTZNE Updated
User LWINKER Updated
User ITCHANGM Updated
User BSALKUS Updated
User JOSUNGA Updated
User SSAFARKH Updated
User KKERSTEN Updated
User GIOCARTE Updated
User CWENDLAN Updated
User SVJOHNSO Updated
User AFONTAIN Updated
User NDUA Updated
User CTAIT Updated
User TEWAGNER Updated
User CBURNETT Updated
User JNDHILLO Updated
User JOXLER Updated
User LIHIETAL Updated
User LLESLIE Updated
User DIANMORR Updated
User CZERR Updated
User EDHADIKI Updated
User CDOBBYN Updated
User CBOURDON Updated
User PCHEETHA Updated
User EBMARTIN Updated
User GRAMAXFI Updated
User ARGORDON Updated
User ASTARR Updated
User ABASSO Updated
User THTAYLOR Updated
User ALEANGUS Updated
User ZFABRIKO Updated
User ELVANDRO Updated
User TOMWISKI Updated
User SSUNDHER Updated
User SHSU Updated
User ALIWATT Updated
User BTINKLER Updated
User SFRANKLI Updated
User KPHAIR Updated
User NBRONSRO Updated
User SLAVOIE Updated
User JENLAM Updated
User RRISI Updated
User SHADIMAH Updated
User AVANBAAR Updated
User LHARTLAN Updated
User EKIWANUK Updated
User JLOKHORS Updated
User JLANGE Updated
User AFONG Updated
User TMIDDLET Updated
User LIANDREW Updated
User MACARPEN Updated
User JANGREEN Updated
User MPIERSON Updated
User PEARGAST Updated
User TCARR Updated
User MSUTTON Updated
User KSPENCE Updated
The update script finished successfully
Beginning to add new Idirs
User RDFRANK Updated
User DRTOWNSE Updated
User JMORROS Updated
User BBEAR Updated
User KICHURCH Updated
User KJJAMES Updated
User CHRISDAV Updated
User NOKEARNE Updated
User JOHNDIXO Updated
User TERLO Updated
User SSGREWAL Updated
User JROMANO Updated
User KAVERMA Updated
User VMCCARTN Updated
User WSLUYTER Updated
User JFRASER Updated
User MTARONGA Updated
User EMASINDA Updated
User SAMONEO Updated
User KPOULIN Updated
User GSTANCAT Updated
User SASMART Updated
User JMCCARTH Updated
User IBOPARAI Updated
User LMMCANIS Updated
User JTSCHAMP Updated
User JBERUBE Updated
User KIRSDRUM Updated
User PAPEARSO Updated
User ELAIDMAN Updated
User RFIDDLER Updated
User ZTURNBUL Updated
User JOLOVE Updated
User JABIEHLE Updated
User AKAMRA Updated
User KRAMPERS Updated
User KBACHMAN Updated
User THOCAMPB Updated
User UPAPANAS Updated
User KCHADWIC Updated
User NEASTHOP Updated
User JSWILLIA Updated
User PTOURANG Updated
User LINBARRY Updated
User CHALLEN Updated
User JUMUNRO Updated
User CSUVEGES Updated
User DOBURNS Updated
User AWHITCHU Updated
User DANTONYS Updated
User ARIEBE Updated
User JGAIBOR Updated
User BAKENT Updated
User MAREEVES Updated
User JOHNSUTT Updated
User ABEAR Updated
User KBARLOW Updated
User JCHABOYE Updated
The add script finished successfully
All Idir updates finished successfully
New directory created at Public://idir/20180808
Remote idir.tsv file found
Copied the file to drupal public folder
Logs were successfully split
Beginning to delete old idirs.
The delete script finished successfully
Beginning to update current Idirs
User PTANDERS Updated
User CAWEBB Updated
User TINLEE Updated
User KCOWAN Updated
User COMINDEL Updated
User KYEE Updated
User CAMIRAND Updated
User BAJACQUE Updated
User AHUNTER Updated
User FOTSONIS Updated
User JNOVOTNY Updated
User ASCHWAER Updated
User TPOTULIC Updated
User JULBOLST Updated
User ANTREIJS Updated
User CCALDWEL Updated
User RMPIKE Updated
User DLGIBBS Updated
User DYPLEUNG Updated
User CANLTRFR Updated
User KFTREMBL Updated
User KMDURAND Updated
User LHFERDON Updated
User KRANOGAJ Updated
User NEMORRIS Updated
User PYEO Updated
User TCARUSO Updated
User RLSOO Updated
User SAPERRY Updated
User ZVANROSS Updated
User TYOUNG Updated
User CNANDERS Updated
User SPMORNEA Updated
User TLEHMAN Updated
User DESTOBBE Updated
User DUNGUYEN Updated
User BELINDAL Updated
User GHUAGUO Updated
User JZUBROD Updated
User MAHMED Updated
User KATLTOLT Updated
User PEZAZZI Updated
User DMCKENZI Updated
User GBADGER Updated
User MKIRBY Updated
User EUSCHIND Updated
User TYCHRIST Updated
User RDEVKOTA Updated
User BTIDALGO Updated
User CBENSON Updated
User NCACERES Updated
User LGRINDLE Updated
User LPARTRID Updated
User BGHESQUI Updated
User GEANDREW Updated
User LDSMITH Updated
User SSTRYMEC Updated
User KKRIESE Updated
User VHUNSAKE Updated
User SEANMCKE Updated
User TRMITTON Updated
User CHRPETER Updated
User MEWONG Updated
User MARJONES Updated
User DLENTON Updated
User CDOLIGHA Updated
User DACRAWFO Updated
User CHRCHAN Updated
User MHSTUCKE Updated
User RLAROCHE Updated
User MSAENI Updated
User GEPATERS Updated
User JMMULLAN Updated
User EPOULSEN Updated
User MERFRIES Updated
User DKUDINDA Updated
User RGEMME Updated
User THUANG Updated
User RYFORMAN Updated
User JUSHAVER Updated
User SHGOULD Updated
User AVFRIESE Updated
User JERWOOD Updated
User JALFORD Updated
User MBOBROWN Updated
User MBURROWS Updated
User RTAIT Updated
User ACALARCO Updated
User COUJONES Updated
User AKESEK Updated
User CANMILLE Updated
User ELLKAYER Updated
User KNICHOLS Updated
User NSMITH Updated
User CEJACKSO Updated
User LTHERRIE Updated
User FACACC Updated
User CXVANSLY Updated
User SACHTZNE Updated
User LWINKER Updated
User ITCHANGM Updated
User BSALKUS Updated
User JOSUNGA Updated
User SSAFARKH Updated
User KKERSTEN Updated
User GIOCARTE Updated
User CWENDLAN Updated
User SVJOHNSO Updated
User AFONTAIN Updated
User NDUA Updated
User CTAIT Updated
User TEWAGNER Updated
User CBURNETT Updated
User JNDHILLO Updated
User JOXLER Updated
User LIHIETAL Updated
User LLESLIE Updated
User DIANMORR Updated
User CZERR Updated
User EDHADIKI Updated
User CDOBBYN Updated
User CBOURDON Updated
User PCHEETHA Updated
User EBMARTIN Updated
User GRAMAXFI Updated
User ARGORDON Updated
User ASTARR Updated
User ABASSO Updated
User THTAYLOR Updated
User ALEANGUS Updated
User ZFABRIKO Updated
User ELVANDRO Updated
User TOMWISKI Updated
User SSUNDHER Updated
User SHSU Updated
User ALIWATT Updated
User BTINKLER Updated
User SFRANKLI Updated
User KPHAIR Updated
User NBRONSRO Updated
User SLAVOIE Updated
User JENLAM Updated
User RRISI Updated
User SHADIMAH Updated
User AVANBAAR Updated
User LHARTLAN Updated
User EKIWANUK Updated
User JLOKHORS Updated
User JLANGE Updated
User AFONG Updated
User TMIDDLET Updated
User LIANDREW Updated
User MACARPEN Updated
User JANGREEN Updated
User MPIERSON Updated
User PEARGAST Updated
User TCARR Updated
User MSUTTON Updated
User KSPENCE Updated
The update script finished successfully
Beginning to add new Idirs
User RDFRANK Updated
User DRTOWNSE Updated
User JMORROS Updated
User BBEAR Updated
User KICHURCH Updated
User KJJAMES Updated
User CHRISDAV Updated
User NOKEARNE Updated
User JOHNDIXO Updated
User TERLO Updated
User SSGREWAL Updated
User JROMANO Updated
User KAVERMA Updated
User VMCCARTN Updated
User WSLUYTER Updated
User JFRASER Updated
User MTARONGA Updated
User EMASINDA Updated
User SAMONEO Updated
User KPOULIN Updated
User GSTANCAT Updated
User SASMART Updated
User JMCCARTH Updated
User IBOPARAI Updated
User LMMCANIS Updated
User JTSCHAMP Updated
User JBERUBE Updated
User KIRSDRUM Updated
User PAPEARSO Updated
User ELAIDMAN Updated
User RFIDDLER Updated
User ZTURNBUL Updated
User JOLOVE Updated
User JABIEHLE Updated
User AKAMRA Updated
User KRAMPERS Updated
User KBACHMAN Updated
User THOCAMPB Updated
User UPAPANAS Updated
User KCHADWIC Updated
User NEASTHOP Updated
User JSWILLIA Updated
User PTOURANG Updated
User LINBARRY Updated
User CHALLEN Updated
User JUMUNRO Updated
User CSUVEGES Updated
User DOBURNS Updated
User AWHITCHU Updated
User DANTONYS Updated
User ARIEBE Updated
User JGAIBOR Updated
User BAKENT Updated
User MAREEVES Updated
User JOHNSUTT Updated
User ABEAR Updated
User KBARLOW Updated
User JCHABOYE Updated
The add script finished successfully
All Idir updates finished successfully
New directory created at Public://idir/20180808
Remote idir.tsv file found
Copied the file to drupal public folder
Logs were successfully split
Beginning to delete old idirs.
The delete script finished successfully
Beginning to update current Idirs
User PTANDERS Updated
User CAWEBB Updated
User TINLEE Updated
User KCOWAN Updated
User COMINDEL Updated
User KYEE Updated
User CAMIRAND Updated
User BAJACQUE Updated
User AHUNTER Updated
User FOTSONIS Updated
User JNOVOTNY Updated
User ASCHWAER Updated
User TPOTULIC Updated
User JULBOLST Updated
User ANTREIJS Updated
User CCALDWEL Updated
User RMPIKE Updated
User DLGIBBS Updated
User DYPLEUNG Updated
User CANLTRFR Updated
User KFTREMBL Updated
User KMDURAND Updated
User LHFERDON Updated
User KRANOGAJ Updated
User NEMORRIS Updated
User PYEO Updated
User TCARUSO Updated
User RLSOO Updated
User SAPERRY Updated
User ZVANROSS Updated
User TYOUNG Updated
User CNANDERS Updated
User SPMORNEA Updated
User TLEHMAN Updated
User DESTOBBE Updated
User DUNGUYEN Updated
User BELINDAL Updated
User GHUAGUO Updated
User JZUBROD Updated
User MAHMED Updated
User KATLTOLT Updated
User PEZAZZI Updated
User DMCKENZI Updated
User GBADGER Updated
User MKIRBY Updated
User EUSCHIND Updated
User TYCHRIST Updated
User RDEVKOTA Updated
User BTIDALGO Updated
User CBENSON Updated
User NCACERES Updated
User LGRINDLE Updated
User LPARTRID Updated
User BGHESQUI Updated
User GEANDREW Updated
User LDSMITH Updated
User SSTRYMEC Updated
User KKRIESE Updated
User VHUNSAKE Updated
User SEANMCKE Updated
User TRMITTON Updated
User CHRPETER Updated
User MEWONG Updated
User MARJONES Updated
User DLENTON Updated
User CDOLIGHA Updated
User DACRAWFO Updated
User CHRCHAN Updated
User MHSTUCKE Updated
User RLAROCHE Updated
User MSAENI Updated
User GEPATERS Updated
User JMMULLAN Updated
User EPOULSEN Updated
User MERFRIES Updated
User DKUDINDA Updated
User RGEMME Updated
User THUANG Updated
User RYFORMAN Updated
User JUSHAVER Updated
User SHGOULD Updated
User AVFRIESE Updated
User JERWOOD Updated
User JALFORD Updated
User MBOBROWN Updated
User MBURROWS Updated
User RTAIT Updated
User ACALARCO Updated
User COUJONES Updated
User AKESEK Updated
User CANMILLE Updated
User ELLKAYER Updated
User KNICHOLS Updated
User NSMITH Updated
User CEJACKSO Updated
User LTHERRIE Updated
User FACACC Updated
User CXVANSLY Updated
User SACHTZNE Updated
User LWINKER Updated
User ITCHANGM Updated
User BSALKUS Updated
User JOSUNGA Updated
User SSAFARKH Updated
User KKERSTEN Updated
User GIOCARTE Updated
User CWENDLAN Updated
User SVJOHNSO Updated
User AFONTAIN Updated
User NDUA Updated
User CTAIT Updated
User TEWAGNER Updated
User CBURNETT Updated
User JNDHILLO Updated
User JOXLER Updated
User LIHIETAL Updated
User LLESLIE Updated
User DIANMORR Updated
User CZERR Updated
User EDHADIKI Updated
User CDOBBYN Updated
User CBOURDON Updated
User PCHEETHA Updated
User EBMARTIN Updated
User GRAMAXFI Updated
User ARGORDON Updated
User ASTARR Updated
User ABASSO Updated
User THTAYLOR Updated
User ALEANGUS Updated
User ZFABRIKO Updated
User ELVANDRO Updated
User TOMWISKI Updated
User SSUNDHER Updated
User SHSU Updated
User ALIWATT Updated
User BTINKLER Updated
User SFRANKLI Updated
User KPHAIR Updated
User NBRONSRO Updated
User SLAVOIE Updated
User JENLAM Updated
User RRISI Updated
User SHADIMAH Updated
User AVANBAAR Updated
User LHARTLAN Updated
User EKIWANUK Updated
User JLOKHORS Updated
User JLANGE Updated
User AFONG Updated
User TMIDDLET Updated
User LIANDREW Updated
User MACARPEN Updated
User JANGREEN Updated
User MPIERSON Updated
User PEARGAST Updated
User TCARR Updated
User MSUTTON Updated
User KSPENCE Updated
The update script finished successfully
Beginning to add new Idirs
User RDFRANK Updated
User DRTOWNSE Updated
User JMORROS Updated
User BBEAR Updated
User KICHURCH Updated
User KJJAMES Updated
User CHRISDAV Updated
User NOKEARNE Updated
User JOHNDIXO Updated
User TERLO Updated
User SSGREWAL Updated
User JROMANO Updated
User KAVERMA Updated
User VMCCARTN Updated
User WSLUYTER Updated
User JFRASER Updated
User MTARONGA Updated
User EMASINDA Updated
User SAMONEO Updated
User KPOULIN Updated
User GSTANCAT Updated
User SASMART Updated
User JMCCARTH Updated
User IBOPARAI Updated
User LMMCANIS Updated
User JTSCHAMP Updated
User JBERUBE Updated
User KIRSDRUM Updated
User PAPEARSO Updated
User ELAIDMAN Updated
User RFIDDLER Updated
User ZTURNBUL Updated
User JOLOVE Updated
User JABIEHLE Updated
User AKAMRA Updated
User KRAMPERS Updated
User KBACHMAN Updated
User THOCAMPB Updated
User UPAPANAS Updated
User KCHADWIC Updated
User NEASTHOP Updated
User JSWILLIA Updated
User PTOURANG Updated
User LINBARRY Updated
User CHALLEN Updated
User JUMUNRO Updated
User CSUVEGES Updated
User DOBURNS Updated
User AWHITCHU Updated
User DANTONYS Updated
User ARIEBE Updated
User JGAIBOR Updated
User BAKENT Updated
User MAREEVES Updated
User JOHNSUTT Updated
User ABEAR Updated
User KBARLOW Updated
User JCHABOYE Updated
The add script finished successfully
All Idir updates finished successfully
New directory created at Public://idir/20180808
Remote idir.tsv file found
Copied the file to drupal public folder
Logs were successfully split
Beginning to delete old idirs.
The delete script finished successfully
Beginning to update current Idirs
User PTANDERS Updated
User CAWEBB Updated
User TINLEE Updated
User KCOWAN Updated
User COMINDEL Updated
User KYEE Updated
User CAMIRAND Updated
User BAJACQUE Updated
User AHUNTER Updated
User FOTSONIS Updated
User JNOVOTNY Updated
User ASCHWAER Updated
User TPOTULIC Updated
User JULBOLST Updated
User ANTREIJS Updated
User CCALDWEL Updated
User RMPIKE Updated
User DLGIBBS Updated
User DYPLEUNG Updated
User CANLTRFR Updated
User KFTREMBL Updated
User KMDURAND Updated
User LHFERDON Updated
User KRANOGAJ Updated
User NEMORRIS Updated
User PYEO Updated
User TCARUSO Updated
User RLSOO Updated
User SAPERRY Updated
User ZVANROSS Updated
User TYOUNG Updated
User CNANDERS Updated
User SPMORNEA Updated
User TLEHMAN Updated
User DESTOBBE Updated
User DUNGUYEN Updated
User BELINDAL Updated
User GHUAGUO Updated
User JZUBROD Updated
User MAHMED Updated
User KATLTOLT Updated
User PEZAZZI Updated
User DMCKENZI Updated
User GBADGER Updated
User MKIRBY Updated
User EUSCHIND Updated
User TYCHRIST Updated
User RDEVKOTA Updated
User BTIDALGO Updated
User CBENSON Updated
User NCACERES Updated
User LGRINDLE Updated
User LPARTRID Updated
User BGHESQUI Updated
User GEANDREW Updated
User LDSMITH Updated
User SSTRYMEC Updated
User KKRIESE Updated
User VHUNSAKE Updated
User SEANMCKE Updated
User TRMITTON Updated
User CHRPETER Updated
User MEWONG Updated
User MARJONES Updated
User DLENTON Updated
User CDOLIGHA Updated
User DACRAWFO Updated
User CHRCHAN Updated
User MHSTUCKE Updated
User RLAROCHE Updated
User MSAENI Updated
User GEPATERS Updated
User JMMULLAN Updated
User EPOULSEN Updated
User MERFRIES Updated
User DKUDINDA Updated
User RGEMME Updated
User THUANG Updated
User RYFORMAN Updated
User JUSHAVER Updated
User SHGOULD Updated
User AVFRIESE Updated
User JERWOOD Updated
User JALFORD Updated
User MBOBROWN Updated
User MBURROWS Updated
User RTAIT Updated
User ACALARCO Updated
User COUJONES Updated
User AKESEK Updated
User CANMILLE Updated
User ELLKAYER Updated
User KNICHOLS Updated
User NSMITH Updated
User CEJACKSO Updated
User LTHERRIE Updated
User FACACC Updated
User CXVANSLY Updated
User SACHTZNE Updated
User LWINKER Updated
User ITCHANGM Updated
User BSALKUS Updated
User JOSUNGA Updated
User SSAFARKH Updated
User KKERSTEN Updated
User GIOCARTE Updated
User CWENDLAN Updated
User SVJOHNSO Updated
User AFONTAIN Updated
User NDUA Updated
User CTAIT Updated
User TEWAGNER Updated
User CBURNETT Updated
User JNDHILLO Updated
User JOXLER Updated
User LIHIETAL Updated
User LLESLIE Updated
User DIANMORR Updated
User CZERR Updated
User EDHADIKI Updated
User CDOBBYN Updated
User CBOURDON Updated
User PCHEETHA Updated
User EBMARTIN Updated
User GRAMAXFI Updated
User ARGORDON Updated
User ASTARR Updated
User ABASSO Updated
User THTAYLOR Updated
User ALEANGUS Updated
User ZFABRIKO Updated
User ELVANDRO Updated
User TOMWISKI Updated
User SSUNDHER Updated
User SHSU Updated
User ALIWATT Updated
User BTINKLER Updated
User SFRANKLI Updated
User KPHAIR Updated
User NBRONSRO Updated
User SLAVOIE Updated
User JENLAM Updated
User RRISI Updated
User SHADIMAH Updated
User AVANBAAR Updated
User LHARTLAN Updated
User EKIWANUK Updated
User JLOKHORS Updated
User JLANGE Updated
User AFONG Updated
User TMIDDLET Updated
User LIANDREW Updated
User MACARPEN Updated
User JANGREEN Updated
User MPIERSON Updated
User PEARGAST Updated
User TCARR Updated
User MSUTTON Updated
User KSPENCE Updated
The update script finished successfully
Beginning to add new Idirs
User RDFRANK Updated
User DRTOWNSE Updated
User JMORROS Updated
User BBEAR Updated
User KICHURCH Updated
User KJJAMES Updated
User CHRISDAV Updated
User NOKEARNE Updated
User JOHNDIXO Updated
User TERLO Updated
User SSGREWAL Updated
User JROMANO Updated
User KAVERMA Updated
User VMCCARTN Updated
User WSLUYTER Updated
User JFRASER Updated
User MTARONGA Updated
User EMASINDA Updated
User SAMONEO Updated
User KPOULIN Updated
User GSTANCAT Updated
User SASMART Updated
User JMCCARTH Updated
User IBOPARAI Updated
User LMMCANIS Updated
User JTSCHAMP Updated
User JBERUBE Updated
User KIRSDRUM Updated
User PAPEARSO Updated
User ELAIDMAN Updated
User RFIDDLER Updated
User ZTURNBUL Updated
User JOLOVE Updated
User JABIEHLE Updated
User AKAMRA Updated
User KRAMPERS Updated
User KBACHMAN Updated
User THOCAMPB Updated
User UPAPANAS Updated
User KCHADWIC Updated
User NEASTHOP Updated
User JSWILLIA Updated
User PTOURANG Updated
User LINBARRY Updated
User CHALLEN Updated
User JUMUNRO Updated
User CSUVEGES Updated
User DOBURNS Updated
User AWHITCHU Updated
User DANTONYS Updated
User ARIEBE Updated
User JGAIBOR Updated
User BAKENT Updated
User MAREEVES Updated
User JOHNSUTT Updated
User ABEAR Updated
User KBARLOW Updated
User JCHABOYE Updated
The add script finished successfully
All Idir updates finished successfully
New directory created at Public://idir/20180808
Remote idir.tsv file found
Copied the file to drupal public folder
Logs were successfully split
Beginning to delete old idirs.
The delete script finished successfully
Beginning to update current Idirs
User PTANDERS Updated
User CAWEBB Updated
User TINLEE Updated
User KCOWAN Updated
User COMINDEL Updated
User KYEE Updated
User CAMIRAND Updated
User BAJACQUE Updated
User AHUNTER Updated
User FOTSONIS Updated
User JNOVOTNY Updated
User ASCHWAER Updated
User TPOTULIC Updated
User JULBOLST Updated
User ANTREIJS Updated
User CCALDWEL Updated
User RMPIKE Updated
User DLGIBBS Updated
User DYPLEUNG Updated
User CANLTRFR Updated
User KFTREMBL Updated
User KMDURAND Updated
User LHFERDON Updated
User KRANOGAJ Updated
User NEMORRIS Updated
User PYEO Updated
User TCARUSO Updated
User RLSOO Updated
User SAPERRY Updated
User ZVANROSS Updated
User TYOUNG Updated
User CNANDERS Updated
User SPMORNEA Updated
User TLEHMAN Updated
User DESTOBBE Updated
User DUNGUYEN Updated
User BELINDAL Updated
User GHUAGUO Updated
User JZUBROD Updated
User MAHMED Updated
User KATLTOLT Updated
User PEZAZZI Updated
User DMCKENZI Updated
User GBADGER Updated
User MKIRBY Updated
User EUSCHIND Updated
User TYCHRIST Updated
User RDEVKOTA Updated
User BTIDALGO Updated
User CBENSON Updated
User NCACERES Updated
User LGRINDLE Updated
User LPARTRID Updated
User BGHESQUI Updated
User GEANDREW Updated
User LDSMITH Updated
User SSTRYMEC Updated
User KKRIESE Updated
User VHUNSAKE Updated
User SEANMCKE Updated
User TRMITTON Updated
User CHRPETER Updated
User MEWONG Updated
User MARJONES Updated
User DLENTON Updated
User CDOLIGHA Updated
User DACRAWFO Updated
User CHRCHAN Updated
User MHSTUCKE Updated
User RLAROCHE Updated
User MSAENI Updated
User GEPATERS Updated
User JMMULLAN Updated
User EPOULSEN Updated
User MERFRIES Updated
User DKUDINDA Updated
User RGEMME Updated
User THUANG Updated
User RYFORMAN Updated
User JUSHAVER Updated
User SHGOULD Updated
User AVFRIESE Updated
User JERWOOD Updated
User JALFORD Updated
User MBOBROWN Updated
User MBURROWS Updated
User RTAIT Updated
User ACALARCO Updated
User COUJONES Updated
User AKESEK Updated
User CANMILLE Updated
User ELLKAYER Updated
User KNICHOLS Updated
User NSMITH Updated
User CEJACKSO Updated
User LTHERRIE Updated
User FACACC Updated
User CXVANSLY Updated
User SACHTZNE Updated
User LWINKER Updated
User ITCHANGM Updated
User BSALKUS Updated
User JOSUNGA Updated
User SSAFARKH Updated
User KKERSTEN Updated
User GIOCARTE Updated
User CWENDLAN Updated
User SVJOHNSO Updated
User AFONTAIN Updated
User NDUA Updated
User CTAIT Updated
User TEWAGNER Updated
User CBURNETT Updated
User JNDHILLO Updated
User JOXLER Updated
User LIHIETAL Updated
User LLESLIE Updated
User DIANMORR Updated
User CZERR Updated
User EDHADIKI Updated
User CDOBBYN Updated
User CBOURDON Updated
User PCHEETHA Updated
User EBMARTIN Updated
User GRAMAXFI Updated
User ARGORDON Updated
User ASTARR Updated
User ABASSO Updated
User THTAYLOR Updated
User ALEANGUS Updated
User ZFABRIKO Updated
User ELVANDRO Updated
User TOMWISKI Updated
User SSUNDHER Updated
User SHSU Updated
User ALIWATT Updated
User BTINKLER Updated
User SFRANKLI Updated
User KPHAIR Updated
User NBRONSRO Updated
User SLAVOIE Updated
User JENLAM Updated
User RRISI Updated
User SHADIMAH Updated
User AVANBAAR Updated
User LHARTLAN Updated
User EKIWANUK Updated
User JLOKHORS Updated
User JLANGE Updated
User AFONG Updated
User TMIDDLET Updated
User LIANDREW Updated
User MACARPEN Updated
User JANGREEN Updated
User MPIERSON Updated
User PEARGAST Updated
User TCARR Updated
User MSUTTON Updated
User KSPENCE Updated
The update script finished successfully
Beginning to add new Idirs
User RDFRANK Updated
User DRTOWNSE Updated
User JMORROS Updated
User BBEAR Updated
User KICHURCH Updated
User KJJAMES Updated
User CHRISDAV Updated
User NOKEARNE Updated
User JOHNDIXO Updated
User TERLO Updated
User SSGREWAL Updated
User JROMANO Updated
User KAVERMA Updated
User VMCCARTN Updated
User WSLUYTER Updated
User JFRASER Updated
User MTARONGA Updated
User EMASINDA Updated
User SAMONEO Updated
User KPOULIN Updated
User GSTANCAT Updated
User SASMART Updated
User JMCCARTH Updated
User IBOPARAI Updated
User LMMCANIS Updated
User JTSCHAMP Updated
User JBERUBE Updated
User KIRSDRUM Updated
User PAPEARSO Updated
User ELAIDMAN Updated
User RFIDDLER Updated
User ZTURNBUL Updated
User JOLOVE Updated
User JABIEHLE Updated
User AKAMRA Updated
User KRAMPERS Updated
User KBACHMAN Updated
User THOCAMPB Updated
User UPAPANAS Updated
User KCHADWIC Updated
User NEASTHOP Updated
User JSWILLIA Updated
User PTOURANG Updated
User LINBARRY Updated
User CHALLEN Updated
User JUMUNRO Updated
User CSUVEGES Updated
User DOBURNS Updated
User AWHITCHU Updated
User DANTONYS Updated
User ARIEBE Updated
User JGAIBOR Updated
User BAKENT Updated
User MAREEVES Updated
User JOHNSUTT Updated
User ABEAR Updated
User KBARLOW Updated
User JCHABOYE Updated
The add script finished successfully
All Idir updates finished successfully
