New directory created at Public://idir/20180813
Remote idir.tsv file found
Copied the file to drupal public folder
Logs were successfully split
Beginning to delete old idirs.
The delete script finished successfully
Beginning to update current Idirs
User LSWINNEY Updated
User KRAINE Updated
User CIWELLS Updated
New user NIKNON created
User TONMITCH Updated
User SHALYNCH Updated
User DAVNITTE Updated
User SHAHUSSA Updated
User SAXGIDDI Updated
User MICYOUN Updated
User FENGZOU Updated
User SBEDDALL Updated
User MICKEATI Updated
User SERMUSIC Updated
New user MATSCOTT created
User KRIHODGE Updated
User ROBMCDON Updated
User ABARCLAY Updated
New user BRINASH created
User KGOLSHAN Updated
User JAYZIMME Updated
User DEAKLOMP Updated
User DCARUSO Updated
User ZIABHUNN Updated
The update script finished successfully
Beginning to add new Idirs
New user LEASTWOO created
New user IGRANT created
New user SNELKENB created
New user RSOLORZA created
New user CBOATENG created
New user SLEVINE created
New user JREYNADO created
New user ZLIU created
New user MLAPHAM created
New user KEHLE created
New user ANWHITEH created
New user KBEETS created
New user STULLE created
New user JUCOOKE created
The add script finished successfully
All Idir updates finished successfully
New directory created at Public://idir/20180813
Remote idir.tsv file found
Copied the file to drupal public folder
Logs were successfully split
Beginning to delete old idirs.
The delete script finished successfully
Beginning to update current Idirs
New directory created at Public://idir/20180813
Remote idir.tsv file found
Copied the file to drupal public folder
Logs were successfully split
Beginning to delete old idirs.
The delete script finished successfully
Beginning to update current Idirs
New directory created at Public://idir/20180813
Remote idir.tsv file found
Copied the file to drupal public folder
Logs were successfully split
Beginning to delete old idirs.
The delete script finished successfully
Beginning to update current Idirs
New directory created at Public://idir/20180813
Remote idir.tsv file found
Copied the file to drupal public folder
Logs were successfully split
Beginning to delete old idirs.
The delete script finished successfully
Beginning to update current Idirs
New directory created at Public://idir/20180813
New directory created at Public://idir/20180813
Remote idir.tsv file found
Remote idir.tsv file found
Copied the file to drupal public folder
Copied the file to drupal public folder
Logs were successfully split
Beginning to delete old idirs.
The delete script finished successfully
Logs were successfully split
Beginning to update current Idirs
Beginning to delete old idirs.
The delete script finished successfully
Beginning to update current Idirs
New directory created at Public://idir/20180813
Remote idir.tsv file found
Copied the file to drupal public folder
Logs were successfully split
Beginning to delete old idirs.
The delete script finished successfully
Beginning to update current Idirs
New directory created at Public://idir/20180813
Remote idir.tsv file found
Copied the file to drupal public folder
Logs were successfully split
Beginning to delete old idirs.
The delete script finished successfully
Beginning to update current Idirs
New directory created at Public://idir/20180813
Remote idir.tsv file found
Copied the file to drupal public folder
Logs were successfully split
Beginning to delete old idirs.
The delete script finished successfully
Beginning to update current Idirs
New directory created at Public://idir/20180813
Remote idir.tsv file found
Copied the file to drupal public folder
Logs were successfully split
Beginning to delete old idirs.
The delete script finished successfully
Beginning to update current Idirs
New directory created at Public://idir/20180813
Remote idir.tsv file found
Copied the file to drupal public folder
Logs were successfully split
Beginning to delete old idirs.
The delete script finished successfully
Beginning to update current Idirs
New directory created at Public://idir/20180813
Remote idir.tsv file found
Copied the file to drupal public folder
Logs were successfully split
Beginning to delete old idirs.
The delete script finished successfully
Beginning to update current Idirs
New directory created at Public://idir/20180813
Remote idir.tsv file found
Copied the file to drupal public folder
Logs were successfully split
Beginning to delete old idirs.
The delete script finished successfully
Beginning to update current Idirs
New directory created at Public://idir/20180813
Remote idir.tsv file found
Copied the file to drupal public folder
Logs were successfully split
Beginning to delete old idirs.
The delete script finished successfully
Beginning to update current Idirs
New directory created at Public://idir/20180813
Remote idir.tsv file found
Copied the file to drupal public folder
Logs were successfully split
Beginning to delete old idirs.
The delete script finished successfully
Beginning to update current Idirs
