Logs were successfully split
Beginning to delete old idirs.
The delete script finished successfully
Beginning to update current Idirs
User CBORCHER Updated
User AFOOTE Updated
User LSEELY Updated
User APAICESE Updated
User ICOATES Updated
User KAPANOWI Updated
User OMARSHAL Updated
User KTKIM Updated
User JMACKNEE Updated
User JRWAITE Updated
User OBARTER Updated
User LDOYLE Updated
User DEANANDR Updated
User MELOUTIT Updated
User CDPARKER Updated
User AOICOLLI Updated
User MHIEBERT Updated
User AROLLHEI Updated
User LGHART Updated
User MARWENDO Updated
User KKYNOCH Updated
User MMAHIL Updated
User ERSAUNDE Updated
User ELSMITH Updated
User SLHOWARD Updated
User TREIDLIN Updated
User DJOHNSON Updated
User CKIRKPAT Updated
User NKALOUSE Updated
User VSADJADI Updated
User MGENIER Updated
User JAMHALL Updated
User JDOCKREL Updated
User SWEST Updated
User NICMORRI Updated
User MCOTTING Updated
User SHASTEAR Updated
User CAWILLEY Updated
New user JOMILLER created
User RYBENNET Updated
User BMCKENZI Updated
User GFISHLOC Updated
User WPINNEGA Updated
User BFOOTE Updated
User HKREBS Updated
User SRICHEY Updated
User GHORLEY Updated
User EFLAA Updated
User CKING Updated
User ALNAGEL Updated
User VANELSON Updated
User DABRAHAM Updated
User BCEMERY Updated
User TZAYTSOF Updated
User BPASQUAL Updated
User TAYDESOU Updated
User CORFAL Updated
User CECKFELD Updated
User EPULLIN Updated
User JHOLDER Updated
User PAWILLIA Updated
User RROYER Updated
User MFASSINA Updated
User DANWILKI Updated
User RSATRUM Updated
User CMACDOUG Updated
User ADOUGLAS Updated
User BENBOUCH Updated
User EBGRIFFI Updated
User WJELLALI Updated
User ARBUCHAN Updated
User ESMILLS Updated
User JLOVE Updated
User ENIESSEN Updated
User CADAMSON Updated
User TYCHARLE Updated
User JJDUMAIN Updated
User BRENTBYE Updated
User JNOWICKI Updated
User SLANGNER Updated
User TRINJAME Updated
User EMACKAY Updated
User DIBURTON Updated
User TORTON Updated
User LKRASKE Updated
User LAKITCHE Updated
User CARRIGG Updated
User MABROWN Updated
User CVANEATO Updated
User MYSCTR31 Updated
User DAVEPETE Updated
User PARIPLEY Updated
User KGRIMES Updated
User RWALKER Updated
User NYASINCH Updated
User EPECK Updated
User STEPHILL Updated
User PNICOLSO Updated
User GMELANSO Updated
User TJFRANCI Updated
User JPITTMAN Updated
User SMCGOWAN Updated
User RKIMMERL Updated
User ATEPPIN Updated
User YCHADWIC Updated
User NIDODD Updated
User WIWALLAC Updated
User JSIAH Updated
User JCHAMPIO Updated
User ZHEDSTR Updated
User MRUSSELL Updated
User CTROUGHT Updated
User LANAKAMU Updated
User KKEPLER Updated
User JEMOTTIS Updated
User VMCCAIG Updated
User GPOFFENR Updated
User RBGRAY Updated
User RJMILLEN Updated
User DSMARSHA Updated
User EVHALL Updated
User JASJONES Updated
User WOCONNEL Updated
User DWEISGER Updated
User JGOUBAUL Updated
User KARSANDE Updated
User PECOX Updated
User RLULUA Updated
User ECONWAYB Updated
User BLOVE Updated
User GWINTHER Updated
User AJENKINS Updated
User JHALOVIC Updated
User DEBBULL Updated
User TCORDING Updated
User PBRADY Updated
User JERMITCH Updated
User BFISHBOO Updated
User JOCONNEL Updated
User NCARLSON Updated
User CHELDELL Updated
User EJONSSON Updated
User IANKERR Updated
User SSKOG Updated
User MRLORENZ Updated
User JOANNENG Updated
User DROBICHA Updated
New user KALBANA created
User CORMURRA Updated
User KDANCHUK Updated
User COBELL Updated
User AMAURER Updated
User PEBLACK Updated
User DGEORGE Updated
User ROMCMILL Updated
User KATBENNE Updated
User EWATSON Updated
User WHEGGS Updated
User JBAUER Updated
User KLHAKA Updated
User STOEWS Updated
User NIFISHER Updated
User MDKLASSE Updated
User OHUGHES Updated
User AMBRADY Updated
User GLANDERS Updated
User JOLIEMAN Updated
User KSMART Updated
User CLINDSAY Updated
User JGAGNE Updated
User BKRAWEC Updated
User BWYVILLE Updated
User OPOJAR Updated
User KKRIESE Updated
User RABAKER Updated
User JEBUTLER Updated
User MYTRUONG Updated
User SSTEPHEN Updated
User JUSNELSO Updated
User PAFRIESE Updated
User MMORI Updated
User WILHARDY Updated
User JEMACDON Updated
User JWALWEBB Updated
User TFALKINE Updated
User GEOWARR Updated
User RMUMFORD Updated
User RKERR Updated
User JBILES Updated
User THOMBLAS Updated
User JLEGACY Updated
User NAMSON Updated
User HAATWAL Updated
User DANTHOMP Updated
User SBICHLMA Updated
User WCROLL Updated
User LELVINGK Updated
User MSANDHU Updated
User JOPRITCH Updated
User KNESBITT Updated
User CANELSON Updated
User LWATERER Updated
User SHARMILL Updated
User JPINEIRO Updated
User STPAUL Updated
User JUBERGST Updated
User DAPALMER Updated
User BKINGSLE Updated
User CBENNISO Updated
User NLUBBE Updated
User JIMHIGHS Updated
User LTHOLLAN Updated
New user RWPRATT created
User CAMEWILL Updated
User AGUENTHE Updated
User KBREWER Updated
User CRICHBUR Updated
User ANDRMACD Updated
User OMERRITT Updated
User LEWRIGHT Updated
User HASCOTT Updated
User BHIDBER Updated
User SPUDETZ Updated
User PATROTTE Updated
User SHERIBOR Updated
User RANELIUN Updated
User CRICE Updated
User JHELFER Updated
User NNEALE Updated
User RWESTLEY Updated
User JOCWEBER Updated
User BKINKELA Updated
User JEWARNER Updated
User CJACOB Updated
User AELLIOTT Updated
User JOREJOHN Updated
User GBWENGER Updated
User JPLANT Updated
User HORSINI Updated
User RFINLEY Updated
User NWARREN Updated
User SHELDROB Updated
User HMOLCAK Updated
User JPGUIMON Updated
User KSTRABY Updated
User TLESIUK Updated
User JPOLMANT Updated
User TYHOPKIN Updated
User GHARRIES Updated
User DHINSHAW Updated
User PRHEHL Updated
User ANDYLOW Updated
User EHIMMELM Updated
New user AMCLAUGH created
New user TQUIN created
User DFVIRTUE Updated
User AALZAREE Updated
User AURICHAR Updated
User JLWILKIN Updated
User SVEPETER Updated
User MMESSETT Updated
User DAEDWARD Updated
User SBISHOP Updated
User TANEFF Updated
User SCPARKIN Updated
User HSTUPICH Updated
User TRTROTTI Updated
User BNOWAK Updated
User WSTRACHA Updated
User DHRYCYK Updated
User JESSCHAM Updated
User RWASSENA Updated
User CHBROWN Updated
User PAMANHAS Updated
User PLARGE Updated
User JFUKUMOT Updated
User AWOOD Updated
User LQUILT Updated
User JMULVAHI Updated
User JHAYLES Updated
User BARDICK Updated
User JPHARDY Updated
User TESMITH Updated
User SHSMITH Updated
User MYSCTR16 Updated
User CGALLEY Updated
User GIROBBIN Updated
User BAMCINTO Updated
User NAGILES Updated
User SKEOUGH Updated
User DGUISE Updated
User BRCAMPBE Updated
User BLEGGETT Updated
User KPEPP2 Updated
User RWALSER Updated
User DSTONE Updated
New user TIMARTIN created
User JWOLLENB Updated
User SHORN Updated
User JHANNAM Updated
User HAREINER Updated
User UWITTAL Updated
User DZARKOVI Updated
User LEDGING Updated
User CSVOBODA Updated
User BLARSSON Updated
User EBJARNAS Updated
User DSALY Updated
User JAMBAKER Updated
User TEWART Updated
User SLPEARCE Updated
User PTCHABOT Updated
User ELJONSSO Updated
User PGRAHAM Updated
User IRUBY Updated
User ACHERIAN Updated
User PABRAHAM Updated
User KWEREMCH Updated
User KANOWAK Updated
User RZACHARY Updated
User ELAWLESS Updated
User VINLEE Updated
User ESILVER Updated
New user JMANTLE created
User LEEROBER Updated
User LDUNCAN Updated
User CHALTNER Updated
User DACCIARO Updated
User ARORVIK Updated
User SAHALL Updated
User JMCLAUGH Updated
User AMMILLER Updated
User KNOWAK Updated
User GKNOCHEN Updated
User TMBLEWET Updated
User GBANGAY Updated
User STTAYLOR Updated
User GEMACDON Updated
User LHAMPSON Updated
User JELKABBA Updated
User EDELORME Updated
User MPACHOLC Updated
User JMAYSE Updated
User MOMARSHA Updated
User JAMMCLEA Updated
User SMCRAE Updated
User BVANDERL Updated
User SROSENAU Updated
User KFRANK Updated
User DNTHOMSO Updated
User PGILLIS Updated
User KLROBERT Updated
User AGOSS Updated
User SHANJOHN Updated
User RFIDDIS Updated
User TSCROSBY Updated
User NDEHOOG Updated
User JNHARRIS Updated
User KSHARP Updated
User JACWILLI Updated
User QDONALDS Updated
User ALORSA Updated
User LUPETERS Updated
User MTESKE Updated
User WHORSFAL Updated
User ZHUNTLEY Updated
User KKUNNATH Updated
User RLORAAS Updated
User JCUNNING Updated
User LPEACHEY Updated
User JLAURETT Updated
User JGARNETT Updated
User SHDONOVA Updated
User RCURRAN Updated
User DADESCHE Updated
User BJRICHAR Updated
User DISBISTE Updated
User THUNTING Updated
User AROCHEST Updated
User RHOEGLER Updated
User EEJOHNSO Updated
User VDETTWIL Updated
User JENHENDE Updated
User ASPATTER Updated
User TMEYER Updated
User JWHELAN Updated
User LBOUMA Updated
User HOLSEN Updated
User SVILLECO Updated
User EEAGLE Updated
User ERIMCCOR Updated
User NDOBSON Updated
User NKAMBO Updated
User ALAWRENC Updated
User PLONG Updated
User ARLEWIS Updated
User REALLAIN Updated
User NINADKAR Updated
User DARNELSO Updated
User GCHRISTO Updated
User TCADDELL Updated
User PDELGADO Updated
User CLLEWELL Updated
User KHANNEWY Updated
User MPAULSON Updated
User JERHUNTE Updated
User TALOGAN Updated
User JCASANO Updated
User DGRANTIE Updated
User BGOWLER Updated
User CHAZELTO Updated
User ABBMORGA Updated
User JADRICHA Updated
User AABEL Updated
User LCHENAIL Updated
User JGAVRIEL Updated
User BFAHY Updated
New user NIEDGING created
User KRIBARNE Updated
User MCOLONNA Updated
User JULMARTI Updated
User RICHARRI Updated
User IUMSCHEI Updated
User CHOLDEN Updated
User JORDLIN Updated
User AKITS Updated
User DYSMITH Updated
User CTOTH Updated
User FEGUNYU Updated
User RGARBER Updated
User LPAGE Updated
User OJESSOP Updated
User APRICE Updated
New user MCONTRER created
User PHGRACE Updated
User KMILHOME Updated
User AUFORRES Updated
User DEANFORD Updated
User RMELVIN Updated
User TRMILLER Updated
User OHARRISO Updated
User EWALKER Updated
User ABOLDEN Updated
User MATTHEBR Updated
User JCARYK Updated
User DDELANY Updated
User GLYNDOYL Updated
User LUJAMES Updated
User TSTOOCHN Updated
User MSULIAK Updated
User TWALKER Updated
User RYWRIGHT Updated
User RKRAUSE Updated
User RBERGEN Updated
User FWEAVER Updated
User EGORMAN Updated
User VGASTON Updated
User BRDIXON Updated
User SANTOINE Updated
User LHENNIG Updated
User TCARUTHE Updated
User ESHEENA Updated
User WRDIRKS Updated
User SCHOO Updated
User NVERSEVE Updated
User JOCROTEA Updated
User CESTPIER Updated
User TJREED Updated
User SJELLALI Updated
User JHYRCYK Updated
User ERIMITCH Updated
User MBLOWER Updated
User SSATRE Updated
User CFLINTON Updated
User TRWATTER Updated
User MOBEAULI Updated
User ADCLARKE Updated
User LMAHON Updated
User NGAMRACY Updated
User RGRAYSTO Updated
User VGEORGYE Updated
User JSAHARCH Updated
User MBOOKOUT Updated
User NSILVER Updated
User PWBIRCH Updated
User DKIRCHNE Updated
User BRASTEWA Updated
User JGOODFEL Updated
User MBOAG Updated
User JASINCLA Updated
User EBRUNS Updated
User ECHILDS Updated
User AWALTERS Updated
User CUWATSON Updated
User MHCARRIE Updated
User KAHARNES Updated
User KLEPOIDE Updated
User JOANDRES Updated
User TEMEL Updated
User MAGDILLO Updated
User GNORTHRO Updated
User SARMCBRI Updated
User DZACKODN Updated
User ZMARTIN Updated
User JEASMITH Updated
User EMACINNI Updated
User JNISHIMA Updated
User ALYUBOMU Updated
User CBROWN Updated
User ASCHUSTE Updated
User JOUNDJIA Updated
User MIKINAHA Updated
User EWEINSTE Updated
User JZONNEVE Updated
User OWATKINS Updated
User AFLOCKHA Updated
User AMDICAST Updated
User ZSAUVE Updated
User GURDHALI Updated
User FOLSONMA Updated
User PNIKKEL Updated
User BWORTHIN Updated
User BMILHOME Updated
User NTESCH Updated
User LIMRICH Updated
User DMUHLERT Updated
User HMASSEY Updated
User PAKENNED Updated
User TFELDING Updated
User JCUTTS Updated
User PFAULKNE Updated
User CBOREK Updated
User MMACKAYG Updated
User MEBERT Updated
User JFISHER Updated
User JOBAUER Updated
User SAMPEET Updated
User CRFITZPA Updated
User MKINGSTO Updated
User RYWILLIA Updated
User VPPEHS Updated
User JHASKINS Updated
User DTATTERS Updated
User SKRIESE Updated
User CKARRAS Updated
User LDECOUTA Updated
User HLEANNE Updated
User ACARRIER Updated
User TEMURPHY Updated
User BHALLGRE Updated
User ADUFFY Updated
User NROGERS Updated
User KKITSON Updated
User MMOUSSEA Updated
User KMESSOM Updated
User DERAND Updated
User MDITTARO Updated
User DLEVESQU Updated
User NBARBER Updated
User TPATREAU Updated
User RUDYCK Updated
User LORSTAD Updated
User KWAITE Updated
User MWELKE Updated
User BRYOUNG Updated
User GDESNOYE Updated
User PHISCH Updated
User DPERRAKI Updated
User LSKOLROO Updated
User BCOLLIER Updated
User JECJOANI Updated
User SDAVISBI Updated
User LWARNOCK Updated
User KOISBIST Updated
User TBAIRD Updated
User JOHNBOIV Updated
User EMPFLEID Updated
User CPLATER Updated
User JOHNMASH Updated
User HEPENNER Updated
User DEBURNS Updated
User BPAYNE Updated
User WMCNEIL Updated
User EDICK Updated
User AWESTERG Updated
User KATHOMPS Updated
User JZERR Updated
User SWARNOCK Updated
User TDOWHY Updated
User THEFFERN Updated
User LARNIXON Updated
User JAMBLER Updated
User BMACAULA Updated
User SSERBIC Updated
User WSCHNITZ Updated
User DANPENNY Updated
User SSLOBODI Updated
User DLONSDAL Updated
User SMCCOOL Updated
User MATWELLS Updated
User GCARROLL Updated
User LEBURTON Updated
User MMATTHEW Updated
User DJENNING Updated
User ECOLLIER Updated
User MEMCCALL Updated
User WNIMCO Updated
User DEWALKER Updated
User DMCGREGO Updated
User MKINGSBU Updated
User NHAMBLET Updated
User KGIBOS Updated
User EMIBEGIN Updated
User SDAVIES Updated
User MCANNEY Updated
User MATSTEWA Updated
User BROMPRE Updated
User SMADDEN Updated
User MIVIDAL Updated
User KARNCOOK Updated
User PQUILT Updated
User DAMAHON Updated
User ESHEBIB Updated
User TAKEITH Updated
User CHEPEARS Updated
User S1ANDERS Updated
User TRMANN Updated
User ISTALEY Updated
User TBLIGHT Updated
User JMONZON Updated
User COSESKY Updated
User DDUFOUR Updated
User JWELCH Updated
User GSULLIVA Updated
User LABURTON Updated
User ANDCARTE Updated
New user ACSCOTT created
User VIMANN Updated
User JOSHWILK Updated
User LGELLATL Updated
User LARAHU Updated
User JTHACKER Updated
The update script finished successfully
Beginning to add new Idirs
New user JOLAWSON created
New user CAMIRAND created
New user BSHRIGLE created
User EHAMADE Updated
New user JANRGALV created
New user EMSMITH created
New user GDYCK created
New user VDESNOYE created
New user SOPHIAKI created
New user OLINDOKK created
New user MPOTHECA created
New user DISMACKA created
New user SCONCEPC created
New user RYANNICK created
New user KLEARNED created
New user SHASTUBE created
New user CSHEARER created
New user DFITZGER created
New user CWIECZOR created
New user LJWINDEC created
New user CHRISFAU created
New user LTHERRIE created
New user DZFROLEK created
New user JHELMY created
New user TUMLAH created
New user CBLATCHF created
New user CHARTLEY created
New user JEBERT created
The add script finished successfully
All Idir updates finished successfully
Logs were successfully split
Beginning to delete old idirs.
The delete script finished successfully
Beginning to update current Idirs
User CBORCHER Updated
User AFOOTE Updated
User LSEELY Updated
User APAICESE Updated
User ICOATES Updated
User KAPANOWI Updated
User OMARSHAL Updated
User KTKIM Updated
User JMACKNEE Updated
User JRWAITE Updated
User OBARTER Updated
User LDOYLE Updated
User DEANANDR Updated
User MELOUTIT Updated
User CDPARKER Updated
User AOICOLLI Updated
User MHIEBERT Updated
User AROLLHEI Updated
User LGHART Updated
User MARWENDO Updated
User KKYNOCH Updated
User MMAHIL Updated
User ERSAUNDE Updated
User ELSMITH Updated
User SLHOWARD Updated
User TREIDLIN Updated
User DJOHNSON Updated
User CKIRKPAT Updated
User NKALOUSE Updated
User VSADJADI Updated
User MGENIER Updated
User JAMHALL Updated
User JDOCKREL Updated
User SWEST Updated
User NICMORRI Updated
User MCOTTING Updated
User SHASTEAR Updated
User CAWILLEY Updated
User JOMILLER Updated
User RYBENNET Updated
User BMCKENZI Updated
User GFISHLOC Updated
User WPINNEGA Updated
User BFOOTE Updated
User HKREBS Updated
User SRICHEY Updated
User GHORLEY Updated
User EFLAA Updated
User CKING Updated
User ALNAGEL Updated
User VANELSON Updated
User DABRAHAM Updated
User BCEMERY Updated
User TZAYTSOF Updated
User BPASQUAL Updated
User TAYDESOU Updated
User CORFAL Updated
User CECKFELD Updated
User EPULLIN Updated
User JHOLDER Updated
User PAWILLIA Updated
User RROYER Updated
User MFASSINA Updated
User DANWILKI Updated
User RSATRUM Updated
User CMACDOUG Updated
User ADOUGLAS Updated
User BENBOUCH Updated
User EBGRIFFI Updated
User WJELLALI Updated
User ARBUCHAN Updated
User ESMILLS Updated
User JLOVE Updated
User ENIESSEN Updated
User CADAMSON Updated
User TYCHARLE Updated
User JJDUMAIN Updated
User BRENTBYE Updated
User JNOWICKI Updated
User SLANGNER Updated
User TRINJAME Updated
User EMACKAY Updated
User DIBURTON Updated
User TORTON Updated
User LKRASKE Updated
User LAKITCHE Updated
User CARRIGG Updated
User MABROWN Updated
User CVANEATO Updated
User MYSCTR31 Updated
User DAVEPETE Updated
User PARIPLEY Updated
User KGRIMES Updated
User RWALKER Updated
User NYASINCH Updated
User EPECK Updated
User STEPHILL Updated
User PNICOLSO Updated
User GMELANSO Updated
User TJFRANCI Updated
User JPITTMAN Updated
User SMCGOWAN Updated
User RKIMMERL Updated
User ATEPPIN Updated
User YCHADWIC Updated
User NIDODD Updated
User WIWALLAC Updated
User JSIAH Updated
User JCHAMPIO Updated
User ZHEDSTR Updated
User MRUSSELL Updated
User CTROUGHT Updated
User LANAKAMU Updated
User KKEPLER Updated
User JEMOTTIS Updated
User VMCCAIG Updated
User GPOFFENR Updated
User RBGRAY Updated
User RJMILLEN Updated
User DSMARSHA Updated
User EVHALL Updated
User JASJONES Updated
User WOCONNEL Updated
User DWEISGER Updated
User JGOUBAUL Updated
User KARSANDE Updated
User PECOX Updated
User RLULUA Updated
User ECONWAYB Updated
User BLOVE Updated
User GWINTHER Updated
User AJENKINS Updated
User JHALOVIC Updated
User DEBBULL Updated
User TCORDING Updated
User PBRADY Updated
User JERMITCH Updated
User BFISHBOO Updated
User JOCONNEL Updated
User NCARLSON Updated
User CHELDELL Updated
User EJONSSON Updated
User IANKERR Updated
User SSKOG Updated
User MRLORENZ Updated
User JOANNENG Updated
User DROBICHA Updated
User KALBANA Updated
User CORMURRA Updated
User KDANCHUK Updated
User COBELL Updated
User AMAURER Updated
User PEBLACK Updated
User DGEORGE Updated
User ROMCMILL Updated
User KATBENNE Updated
User EWATSON Updated
User WHEGGS Updated
User JBAUER Updated
User KLHAKA Updated
User STOEWS Updated
User NIFISHER Updated
User MDKLASSE Updated
User OHUGHES Updated
User AMBRADY Updated
User GLANDERS Updated
User JOLIEMAN Updated
User KSMART Updated
User CLINDSAY Updated
User JGAGNE Updated
User BKRAWEC Updated
User BWYVILLE Updated
User OPOJAR Updated
User KKRIESE Updated
User RABAKER Updated
User JEBUTLER Updated
User MYTRUONG Updated
User SSTEPHEN Updated
User JUSNELSO Updated
User PAFRIESE Updated
User MMORI Updated
User WILHARDY Updated
User JEMACDON Updated
User JWALWEBB Updated
User TFALKINE Updated
User GEOWARR Updated
User RMUMFORD Updated
User RKERR Updated
User JBILES Updated
User THOMBLAS Updated
User JLEGACY Updated
User NAMSON Updated
User HAATWAL Updated
User DANTHOMP Updated
User SBICHLMA Updated
User WCROLL Updated
User LELVINGK Updated
User MSANDHU Updated
User JOPRITCH Updated
User KNESBITT Updated
User CANELSON Updated
User LWATERER Updated
User SHARMILL Updated
User JPINEIRO Updated
User STPAUL Updated
User JUBERGST Updated
User DAPALMER Updated
User BKINGSLE Updated
User CBENNISO Updated
User NLUBBE Updated
User JIMHIGHS Updated
User LTHOLLAN Updated
User RWPRATT Updated
User CAMEWILL Updated
User AGUENTHE Updated
User KBREWER Updated
User CRICHBUR Updated
User ANDRMACD Updated
User OMERRITT Updated
User LEWRIGHT Updated
User HASCOTT Updated
User BHIDBER Updated
User SPUDETZ Updated
User PATROTTE Updated
User SHERIBOR Updated
User RANELIUN Updated
User CRICE Updated
User JHELFER Updated
User NNEALE Updated
User RWESTLEY Updated
User JOCWEBER Updated
User BKINKELA Updated
User JEWARNER Updated
User CJACOB Updated
User AELLIOTT Updated
User JOREJOHN Updated
User GBWENGER Updated
User JPLANT Updated
User HORSINI Updated
User RFINLEY Updated
User NWARREN Updated
User SHELDROB Updated
User HMOLCAK Updated
User JPGUIMON Updated
User KSTRABY Updated
User TLESIUK Updated
User JPOLMANT Updated
User TYHOPKIN Updated
User GHARRIES Updated
User DHINSHAW Updated
User PRHEHL Updated
User ANDYLOW Updated
User EHIMMELM Updated
User AMCLAUGH Updated
User TQUIN Updated
User DFVIRTUE Updated
User AALZAREE Updated
User AURICHAR Updated
User JLWILKIN Updated
User SVEPETER Updated
User MMESSETT Updated
User DAEDWARD Updated
User SBISHOP Updated
User TANEFF Updated
User SCPARKIN Updated
User HSTUPICH Updated
User TRTROTTI Updated
User BNOWAK Updated
User WSTRACHA Updated
User DHRYCYK Updated
User JESSCHAM Updated
User RWASSENA Updated
User CHBROWN Updated
User PAMANHAS Updated
User PLARGE Updated
User JFUKUMOT Updated
User AWOOD Updated
User LQUILT Updated
User JMULVAHI Updated
User JHAYLES Updated
User BARDICK Updated
User JPHARDY Updated
User TESMITH Updated
User SHSMITH Updated
User MYSCTR16 Updated
User CGALLEY Updated
User GIROBBIN Updated
User BAMCINTO Updated
User NAGILES Updated
User SKEOUGH Updated
User DGUISE Updated
User BRCAMPBE Updated
User BLEGGETT Updated
User KPEPP2 Updated
User RWALSER Updated
User DSTONE Updated
User TIMARTIN Updated
User JWOLLENB Updated
User SHORN Updated
User JHANNAM Updated
User HAREINER Updated
User UWITTAL Updated
User DZARKOVI Updated
User LEDGING Updated
User CSVOBODA Updated
User BLARSSON Updated
User EBJARNAS Updated
User DSALY Updated
User JAMBAKER Updated
User TEWART Updated
User SLPEARCE Updated
User PTCHABOT Updated
User ELJONSSO Updated
User PGRAHAM Updated
User IRUBY Updated
User ACHERIAN Updated
User PABRAHAM Updated
User KWEREMCH Updated
User KANOWAK Updated
User RZACHARY Updated
User ELAWLESS Updated
User VINLEE Updated
User ESILVER Updated
User JMANTLE Updated
User LEEROBER Updated
User LDUNCAN Updated
User CHALTNER Updated
User DACCIARO Updated
User ARORVIK Updated
User SAHALL Updated
User JMCLAUGH Updated
User AMMILLER Updated
User KNOWAK Updated
User GKNOCHEN Updated
User TMBLEWET Updated
User GBANGAY Updated
User STTAYLOR Updated
User GEMACDON Updated
User LHAMPSON Updated
User JELKABBA Updated
User EDELORME Updated
User MPACHOLC Updated
User JMAYSE Updated
User MOMARSHA Updated
User JAMMCLEA Updated
User SMCRAE Updated
User BVANDERL Updated
User SROSENAU Updated
User KFRANK Updated
User DNTHOMSO Updated
User PGILLIS Updated
User KLROBERT Updated
User AGOSS Updated
User SHANJOHN Updated
User RFIDDIS Updated
User TSCROSBY Updated
User NDEHOOG Updated
User JNHARRIS Updated
User KSHARP Updated
User JACWILLI Updated
User QDONALDS Updated
User ALORSA Updated
User LUPETERS Updated
User MTESKE Updated
User WHORSFAL Updated
User ZHUNTLEY Updated
User KKUNNATH Updated
User RLORAAS Updated
User JCUNNING Updated
User LPEACHEY Updated
User JLAURETT Updated
User JGARNETT Updated
User SHDONOVA Updated
User RCURRAN Updated
User DADESCHE Updated
User BJRICHAR Updated
User DISBISTE Updated
User THUNTING Updated
User AROCHEST Updated
User RHOEGLER Updated
User EEJOHNSO Updated
User VDETTWIL Updated
User JENHENDE Updated
User ASPATTER Updated
User TMEYER Updated
User JWHELAN Updated
User LBOUMA Updated
User HOLSEN Updated
User SVILLECO Updated
User EEAGLE Updated
User ERIMCCOR Updated
User NDOBSON Updated
User NKAMBO Updated
User ALAWRENC Updated
User PLONG Updated
User ARLEWIS Updated
User REALLAIN Updated
User NINADKAR Updated
User DARNELSO Updated
User GCHRISTO Updated
User TCADDELL Updated
User PDELGADO Updated
User CLLEWELL Updated
User KHANNEWY Updated
User MPAULSON Updated
User JERHUNTE Updated
User TALOGAN Updated
User JCASANO Updated
User DGRANTIE Updated
User BGOWLER Updated
User CHAZELTO Updated
User ABBMORGA Updated
User JADRICHA Updated
User AABEL Updated
User LCHENAIL Updated
User JGAVRIEL Updated
User BFAHY Updated
User NIEDGING Updated
User KRIBARNE Updated
User MCOLONNA Updated
User JULMARTI Updated
User RICHARRI Updated
User IUMSCHEI Updated
User CHOLDEN Updated
User JORDLIN Updated
User AKITS Updated
User DYSMITH Updated
User CTOTH Updated
User FEGUNYU Updated
User RGARBER Updated
User LPAGE Updated
User OJESSOP Updated
User APRICE Updated
User MCONTRER Updated
User PHGRACE Updated
User KMILHOME Updated
User AUFORRES Updated
User DEANFORD Updated
User RMELVIN Updated
User TRMILLER Updated
User OHARRISO Updated
User EWALKER Updated
User ABOLDEN Updated
User MATTHEBR Updated
User JCARYK Updated
User DDELANY Updated
User GLYNDOYL Updated
User LUJAMES Updated
User TSTOOCHN Updated
User MSULIAK Updated
User TWALKER Updated
User RYWRIGHT Updated
User RKRAUSE Updated
User RBERGEN Updated
User FWEAVER Updated
User EGORMAN Updated
User VGASTON Updated
User BRDIXON Updated
User SANTOINE Updated
User LHENNIG Updated
User TCARUTHE Updated
User ESHEENA Updated
User WRDIRKS Updated
User SCHOO Updated
User NVERSEVE Updated
User JOCROTEA Updated
User CESTPIER Updated
User TJREED Updated
User SJELLALI Updated
User JHYRCYK Updated
User ERIMITCH Updated
User MBLOWER Updated
User SSATRE Updated
User CFLINTON Updated
User TRWATTER Updated
User MOBEAULI Updated
User ADCLARKE Updated
User LMAHON Updated
User NGAMRACY Updated
User RGRAYSTO Updated
User VGEORGYE Updated
User JSAHARCH Updated
User MBOOKOUT Updated
User NSILVER Updated
User PWBIRCH Updated
User DKIRCHNE Updated
User BRASTEWA Updated
User JGOODFEL Updated
User MBOAG Updated
User JASINCLA Updated
User EBRUNS Updated
User ECHILDS Updated
User AWALTERS Updated
User CUWATSON Updated
User MHCARRIE Updated
User KAHARNES Updated
User KLEPOIDE Updated
User JOANDRES Updated
User TEMEL Updated
User MAGDILLO Updated
User GNORTHRO Updated
User SARMCBRI Updated
User DZACKODN Updated
User ZMARTIN Updated
User JEASMITH Updated
User EMACINNI Updated
User JNISHIMA Updated
User ALYUBOMU Updated
User CBROWN Updated
User ASCHUSTE Updated
User JOUNDJIA Updated
User MIKINAHA Updated
User EWEINSTE Updated
User JZONNEVE Updated
User OWATKINS Updated
User AFLOCKHA Updated
User AMDICAST Updated
User ZSAUVE Updated
User GURDHALI Updated
User FOLSONMA Updated
User PNIKKEL Updated
User BWORTHIN Updated
User BMILHOME Updated
User NTESCH Updated
User LIMRICH Updated
User DMUHLERT Updated
User HMASSEY Updated
User PAKENNED Updated
User TFELDING Updated
User JCUTTS Updated
User PFAULKNE Updated
User CBOREK Updated
User MMACKAYG Updated
User MEBERT Updated
User JFISHER Updated
User JOBAUER Updated
User SAMPEET Updated
User CRFITZPA Updated
User MKINGSTO Updated
User RYWILLIA Updated
User VPPEHS Updated
User JHASKINS Updated
User DTATTERS Updated
User SKRIESE Updated
User CKARRAS Updated
User LDECOUTA Updated
User HLEANNE Updated
User ACARRIER Updated
User TEMURPHY Updated
User BHALLGRE Updated
User ADUFFY Updated
User NROGERS Updated
User KKITSON Updated
User MMOUSSEA Updated
User KMESSOM Updated
User DERAND Updated
User MDITTARO Updated
User DLEVESQU Updated
User NBARBER Updated
User TPATREAU Updated
User RUDYCK Updated
User LORSTAD Updated
User KWAITE Updated
User MWELKE Updated
User BRYOUNG Updated
User GDESNOYE Updated
User PHISCH Updated
User DPERRAKI Updated
User LSKOLROO Updated
User BCOLLIER Updated
User JECJOANI Updated
User SDAVISBI Updated
User LWARNOCK Updated
User KOISBIST Updated
User TBAIRD Updated
User JOHNBOIV Updated
User EMPFLEID Updated
User CPLATER Updated
User JOHNMASH Updated
User HEPENNER Updated
User DEBURNS Updated
User BPAYNE Updated
User WMCNEIL Updated
User EDICK Updated
User AWESTERG Updated
User KATHOMPS Updated
User JZERR Updated
User SWARNOCK Updated
User TDOWHY Updated
User THEFFERN Updated
User LARNIXON Updated
User JAMBLER Updated
User BMACAULA Updated
User SSERBIC Updated
User WSCHNITZ Updated
User DANPENNY Updated
User SSLOBODI Updated
User DLONSDAL Updated
User SMCCOOL Updated
User MATWELLS Updated
User GCARROLL Updated
User LEBURTON Updated
User MMATTHEW Updated
User DJENNING Updated
User ECOLLIER Updated
User MEMCCALL Updated
User WNIMCO Updated
User DEWALKER Updated
User DMCGREGO Updated
User MKINGSBU Updated
User NHAMBLET Updated
User KGIBOS Updated
User EMIBEGIN Updated
User SDAVIES Updated
User MCANNEY Updated
User MATSTEWA Updated
User BROMPRE Updated
User SMADDEN Updated
User MIVIDAL Updated
User KARNCOOK Updated
User PQUILT Updated
User DAMAHON Updated
User ESHEBIB Updated
User TAKEITH Updated
User CHEPEARS Updated
User S1ANDERS Updated
User TRMANN Updated
User ISTALEY Updated
User TBLIGHT Updated
User JMONZON Updated
User COSESKY Updated
User DDUFOUR Updated
User JWELCH Updated
User GSULLIVA Updated
User LABURTON Updated
User ANDCARTE Updated
User ACSCOTT Updated
User VIMANN Updated
User JOSHWILK Updated
User LGELLATL Updated
User LARAHU Updated
User JTHACKER Updated
The update script finished successfully
Beginning to add new Idirs
User JOLAWSON Updated
User CAMIRAND Updated
User BSHRIGLE Updated
User EHAMADE Updated
User JANRGALV Updated
User EMSMITH Updated
User GDYCK Updated
User VDESNOYE Updated
User SOPHIAKI Updated
User OLINDOKK Updated
User MPOTHECA Updated
User DISMACKA Updated
User SCONCEPC Updated
User RYANNICK Updated
User KLEARNED Updated
User SHASTUBE Updated
User CSHEARER Updated
User DFITZGER Updated
User CWIECZOR Updated
User LJWINDEC Updated
User CHRISFAU Updated
User LTHERRIE Updated
User DZFROLEK Updated
User JHELMY Updated
User TUMLAH Updated
User CBLATCHF Updated
User CHARTLEY Updated
User JEBERT Updated
The add script finished successfully
All Idir updates finished successfully
Logs were successfully split
Beginning to delete old idirs.
The delete script finished successfully
Beginning to update current Idirs
User CBORCHER Updated
User AFOOTE Updated
User LSEELY Updated
User APAICESE Updated
User ICOATES Updated
User KAPANOWI Updated
User OMARSHAL Updated
User KTKIM Updated
User JMACKNEE Updated
User JRWAITE Updated
User OBARTER Updated
User LDOYLE Updated
User DEANANDR Updated
User MELOUTIT Updated
User CDPARKER Updated
User AOICOLLI Updated
User MHIEBERT Updated
User AROLLHEI Updated
User LGHART Updated
User MARWENDO Updated
User KKYNOCH Updated
User MMAHIL Updated
User ERSAUNDE Updated
User ELSMITH Updated
User SLHOWARD Updated
User TREIDLIN Updated
User DJOHNSON Updated
User CKIRKPAT Updated
User NKALOUSE Updated
User VSADJADI Updated
User MGENIER Updated
User JAMHALL Updated
User JDOCKREL Updated
User SWEST Updated
User NICMORRI Updated
User MCOTTING Updated
User SHASTEAR Updated
User CAWILLEY Updated
User JOMILLER Updated
User RYBENNET Updated
User BMCKENZI Updated
User GFISHLOC Updated
User WPINNEGA Updated
User BFOOTE Updated
User HKREBS Updated
User SRICHEY Updated
User GHORLEY Updated
User EFLAA Updated
User CKING Updated
User ALNAGEL Updated
User VANELSON Updated
User DABRAHAM Updated
User BCEMERY Updated
User TZAYTSOF Updated
User BPASQUAL Updated
User TAYDESOU Updated
User CORFAL Updated
User CECKFELD Updated
User EPULLIN Updated
User JHOLDER Updated
User PAWILLIA Updated
User RROYER Updated
User MFASSINA Updated
User DANWILKI Updated
User RSATRUM Updated
User CMACDOUG Updated
User ADOUGLAS Updated
User BENBOUCH Updated
User EBGRIFFI Updated
User WJELLALI Updated
User ARBUCHAN Updated
User ESMILLS Updated
User JLOVE Updated
User ENIESSEN Updated
User CADAMSON Updated
User TYCHARLE Updated
User JJDUMAIN Updated
User BRENTBYE Updated
User JNOWICKI Updated
User SLANGNER Updated
User TRINJAME Updated
User EMACKAY Updated
User DIBURTON Updated
User TORTON Updated
User LKRASKE Updated
User LAKITCHE Updated
User CARRIGG Updated
User MABROWN Updated
User CVANEATO Updated
User MYSCTR31 Updated
User DAVEPETE Updated
User PARIPLEY Updated
User KGRIMES Updated
User RWALKER Updated
User NYASINCH Updated
User EPECK Updated
User STEPHILL Updated
User PNICOLSO Updated
User GMELANSO Updated
User TJFRANCI Updated
User JPITTMAN Updated
User SMCGOWAN Updated
User RKIMMERL Updated
User ATEPPIN Updated
User YCHADWIC Updated
User NIDODD Updated
User WIWALLAC Updated
User JSIAH Updated
User JCHAMPIO Updated
User ZHEDSTR Updated
User MRUSSELL Updated
User CTROUGHT Updated
User LANAKAMU Updated
User KKEPLER Updated
User JEMOTTIS Updated
User VMCCAIG Updated
User GPOFFENR Updated
User RBGRAY Updated
User RJMILLEN Updated
User DSMARSHA Updated
User EVHALL Updated
User JASJONES Updated
User WOCONNEL Updated
User DWEISGER Updated
User JGOUBAUL Updated
User KARSANDE Updated
User PECOX Updated
User RLULUA Updated
User ECONWAYB Updated
User BLOVE Updated
User GWINTHER Updated
User AJENKINS Updated
User JHALOVIC Updated
User DEBBULL Updated
User TCORDING Updated
User PBRADY Updated
User JERMITCH Updated
User BFISHBOO Updated
User JOCONNEL Updated
User NCARLSON Updated
User CHELDELL Updated
User EJONSSON Updated
User IANKERR Updated
User SSKOG Updated
User MRLORENZ Updated
User JOANNENG Updated
User DROBICHA Updated
User KALBANA Updated
User CORMURRA Updated
User KDANCHUK Updated
User COBELL Updated
User AMAURER Updated
User PEBLACK Updated
User DGEORGE Updated
User ROMCMILL Updated
User KATBENNE Updated
User EWATSON Updated
User WHEGGS Updated
User JBAUER Updated
User KLHAKA Updated
User STOEWS Updated
User NIFISHER Updated
User MDKLASSE Updated
User OHUGHES Updated
User AMBRADY Updated
User GLANDERS Updated
User JOLIEMAN Updated
User KSMART Updated
User CLINDSAY Updated
User JGAGNE Updated
User BKRAWEC Updated
User BWYVILLE Updated
User OPOJAR Updated
User KKRIESE Updated
User RABAKER Updated
User JEBUTLER Updated
User MYTRUONG Updated
User SSTEPHEN Updated
User JUSNELSO Updated
User PAFRIESE Updated
User MMORI Updated
User WILHARDY Updated
User JEMACDON Updated
User JWALWEBB Updated
User TFALKINE Updated
User GEOWARR Updated
User RMUMFORD Updated
User RKERR Updated
User JBILES Updated
User THOMBLAS Updated
User JLEGACY Updated
User NAMSON Updated
User HAATWAL Updated
User DANTHOMP Updated
User SBICHLMA Updated
User WCROLL Updated
User LELVINGK Updated
User MSANDHU Updated
User JOPRITCH Updated
User KNESBITT Updated
User CANELSON Updated
User LWATERER Updated
User SHARMILL Updated
User JPINEIRO Updated
User STPAUL Updated
User JUBERGST Updated
User DAPALMER Updated
User BKINGSLE Updated
User CBENNISO Updated
User NLUBBE Updated
User JIMHIGHS Updated
User LTHOLLAN Updated
User RWPRATT Updated
User CAMEWILL Updated
User AGUENTHE Updated
User KBREWER Updated
User CRICHBUR Updated
User ANDRMACD Updated
User OMERRITT Updated
User LEWRIGHT Updated
User HASCOTT Updated
User BHIDBER Updated
User SPUDETZ Updated
User PATROTTE Updated
User SHERIBOR Updated
User RANELIUN Updated
User CRICE Updated
User JHELFER Updated
User NNEALE Updated
User RWESTLEY Updated
User JOCWEBER Updated
User BKINKELA Updated
User JEWARNER Updated
User CJACOB Updated
User AELLIOTT Updated
User JOREJOHN Updated
User GBWENGER Updated
User JPLANT Updated
User HORSINI Updated
User RFINLEY Updated
User NWARREN Updated
User SHELDROB Updated
User HMOLCAK Updated
User JPGUIMON Updated
User KSTRABY Updated
User TLESIUK Updated
User JPOLMANT Updated
User TYHOPKIN Updated
User GHARRIES Updated
User DHINSHAW Updated
User PRHEHL Updated
User ANDYLOW Updated
User EHIMMELM Updated
User AMCLAUGH Updated
User TQUIN Updated
User DFVIRTUE Updated
User AALZAREE Updated
User AURICHAR Updated
User JLWILKIN Updated
User SVEPETER Updated
User MMESSETT Updated
User DAEDWARD Updated
User SBISHOP Updated
User TANEFF Updated
User SCPARKIN Updated
User HSTUPICH Updated
User TRTROTTI Updated
User BNOWAK Updated
User WSTRACHA Updated
User DHRYCYK Updated
User JESSCHAM Updated
User RWASSENA Updated
User CHBROWN Updated
User PAMANHAS Updated
User PLARGE Updated
User JFUKUMOT Updated
User AWOOD Updated
User LQUILT Updated
User JMULVAHI Updated
User JHAYLES Updated
User BARDICK Updated
User JPHARDY Updated
User TESMITH Updated
User SHSMITH Updated
User MYSCTR16 Updated
User CGALLEY Updated
User GIROBBIN Updated
User BAMCINTO Updated
User NAGILES Updated
User SKEOUGH Updated
User DGUISE Updated
User BRCAMPBE Updated
User BLEGGETT Updated
User KPEPP2 Updated
User RWALSER Updated
User DSTONE Updated
User TIMARTIN Updated
User JWOLLENB Updated
User SHORN Updated
User JHANNAM Updated
User HAREINER Updated
User UWITTAL Updated
User DZARKOVI Updated
User LEDGING Updated
User CSVOBODA Updated
User BLARSSON Updated
User EBJARNAS Updated
User DSALY Updated
User JAMBAKER Updated
User TEWART Updated
User SLPEARCE Updated
User PTCHABOT Updated
User ELJONSSO Updated
User PGRAHAM Updated
User IRUBY Updated
User ACHERIAN Updated
User PABRAHAM Updated
User KWEREMCH Updated
User KANOWAK Updated
User RZACHARY Updated
User ELAWLESS Updated
User VINLEE Updated
User ESILVER Updated
User JMANTLE Updated
User LEEROBER Updated
User LDUNCAN Updated
User CHALTNER Updated
User DACCIARO Updated
User ARORVIK Updated
User SAHALL Updated
User JMCLAUGH Updated
User AMMILLER Updated
User KNOWAK Updated
User GKNOCHEN Updated
User TMBLEWET Updated
User GBANGAY Updated
User STTAYLOR Updated
User GEMACDON Updated
User LHAMPSON Updated
User JELKABBA Updated
User EDELORME Updated
User MPACHOLC Updated
User JMAYSE Updated
User MOMARSHA Updated
User JAMMCLEA Updated
User SMCRAE Updated
User BVANDERL Updated
User SROSENAU Updated
User KFRANK Updated
User DNTHOMSO Updated
User PGILLIS Updated
User KLROBERT Updated
User AGOSS Updated
User SHANJOHN Updated
User RFIDDIS Updated
User TSCROSBY Updated
User NDEHOOG Updated
User JNHARRIS Updated
User KSHARP Updated
User JACWILLI Updated
User QDONALDS Updated
User ALORSA Updated
User LUPETERS Updated
User MTESKE Updated
User WHORSFAL Updated
User ZHUNTLEY Updated
User KKUNNATH Updated
User RLORAAS Updated
User JCUNNING Updated
User LPEACHEY Updated
User JLAURETT Updated
User JGARNETT Updated
User SHDONOVA Updated
User RCURRAN Updated
User DADESCHE Updated
User BJRICHAR Updated
User DISBISTE Updated
User THUNTING Updated
User AROCHEST Updated
User RHOEGLER Updated
User EEJOHNSO Updated
User VDETTWIL Updated
User JENHENDE Updated
User ASPATTER Updated
User TMEYER Updated
User JWHELAN Updated
User LBOUMA Updated
User HOLSEN Updated
User SVILLECO Updated
User EEAGLE Updated
User ERIMCCOR Updated
User NDOBSON Updated
User NKAMBO Updated
User ALAWRENC Updated
User PLONG Updated
User ARLEWIS Updated
User REALLAIN Updated
User NINADKAR Updated
User DARNELSO Updated
User GCHRISTO Updated
User TCADDELL Updated
User PDELGADO Updated
User CLLEWELL Updated
User KHANNEWY Updated
User MPAULSON Updated
User JERHUNTE Updated
User TALOGAN Updated
User JCASANO Updated
User DGRANTIE Updated
User BGOWLER Updated
User CHAZELTO Updated
User ABBMORGA Updated
User JADRICHA Updated
User AABEL Updated
User LCHENAIL Updated
User JGAVRIEL Updated
User BFAHY Updated
User NIEDGING Updated
User KRIBARNE Updated
User MCOLONNA Updated
User JULMARTI Updated
User RICHARRI Updated
User IUMSCHEI Updated
User CHOLDEN Updated
User JORDLIN Updated
User AKITS Updated
User DYSMITH Updated
User CTOTH Updated
User FEGUNYU Updated
User RGARBER Updated
User LPAGE Updated
User OJESSOP Updated
User APRICE Updated
User MCONTRER Updated
User PHGRACE Updated
User KMILHOME Updated
User AUFORRES Updated
User DEANFORD Updated
User RMELVIN Updated
User TRMILLER Updated
User OHARRISO Updated
User EWALKER Updated
User ABOLDEN Updated
User MATTHEBR Updated
User JCARYK Updated
User DDELANY Updated
User GLYNDOYL Updated
User LUJAMES Updated
User TSTOOCHN Updated
User MSULIAK Updated
User TWALKER Updated
User RYWRIGHT Updated
User RKRAUSE Updated
User RBERGEN Updated
User FWEAVER Updated
User EGORMAN Updated
User VGASTON Updated
User BRDIXON Updated
User SANTOINE Updated
User LHENNIG Updated
User TCARUTHE Updated
User ESHEENA Updated
User WRDIRKS Updated
User SCHOO Updated
User NVERSEVE Updated
User JOCROTEA Updated
User CESTPIER Updated
User TJREED Updated
User SJELLALI Updated
User JHYRCYK Updated
User ERIMITCH Updated
User MBLOWER Updated
User SSATRE Updated
User CFLINTON Updated
User TRWATTER Updated
User MOBEAULI Updated
User ADCLARKE Updated
User LMAHON Updated
User NGAMRACY Updated
User RGRAYSTO Updated
User VGEORGYE Updated
User JSAHARCH Updated
User MBOOKOUT Updated
User NSILVER Updated
User PWBIRCH Updated
User DKIRCHNE Updated
User BRASTEWA Updated
User JGOODFEL Updated
User MBOAG Updated
User JASINCLA Updated
User EBRUNS Updated
User ECHILDS Updated
User AWALTERS Updated
User CUWATSON Updated
User MHCARRIE Updated
User KAHARNES Updated
User KLEPOIDE Updated
User JOANDRES Updated
User TEMEL Updated
User MAGDILLO Updated
User GNORTHRO Updated
User SARMCBRI Updated
User DZACKODN Updated
User ZMARTIN Updated
User JEASMITH Updated
User EMACINNI Updated
User JNISHIMA Updated
User ALYUBOMU Updated
User CBROWN Updated
User ASCHUSTE Updated
User JOUNDJIA Updated
User MIKINAHA Updated
User EWEINSTE Updated
User JZONNEVE Updated
User OWATKINS Updated
User AFLOCKHA Updated
User AMDICAST Updated
User ZSAUVE Updated
User GURDHALI Updated
User FOLSONMA Updated
User PNIKKEL Updated
User BWORTHIN Updated
User BMILHOME Updated
User NTESCH Updated
User LIMRICH Updated
User DMUHLERT Updated
User HMASSEY Updated
User PAKENNED Updated
User TFELDING Updated
User JCUTTS Updated
User PFAULKNE Updated
User CBOREK Updated
User MMACKAYG Updated
User MEBERT Updated
User JFISHER Updated
User JOBAUER Updated
User SAMPEET Updated
User CRFITZPA Updated
User MKINGSTO Updated
User RYWILLIA Updated
User VPPEHS Updated
User JHASKINS Updated
User DTATTERS Updated
User SKRIESE Updated
User CKARRAS Updated
User LDECOUTA Updated
User HLEANNE Updated
User ACARRIER Updated
User TEMURPHY Updated
User BHALLGRE Updated
User ADUFFY Updated
User NROGERS Updated
User KKITSON Updated
User MMOUSSEA Updated
User KMESSOM Updated
User DERAND Updated
User MDITTARO Updated
User DLEVESQU Updated
User NBARBER Updated
User TPATREAU Updated
User RUDYCK Updated
User LORSTAD Updated
User KWAITE Updated
User MWELKE Updated
User BRYOUNG Updated
User GDESNOYE Updated
User PHISCH Updated
User DPERRAKI Updated
User LSKOLROO Updated
User BCOLLIER Updated
User JECJOANI Updated
User SDAVISBI Updated
User LWARNOCK Updated
User KOISBIST Updated
User TBAIRD Updated
User JOHNBOIV Updated
User EMPFLEID Updated
User CPLATER Updated
User JOHNMASH Updated
User HEPENNER Updated
User DEBURNS Updated
User BPAYNE Updated
User WMCNEIL Updated
User EDICK Updated
User AWESTERG Updated
User KATHOMPS Updated
User JZERR Updated
User SWARNOCK Updated
User TDOWHY Updated
User THEFFERN Updated
User LARNIXON Updated
User JAMBLER Updated
User BMACAULA Updated
User SSERBIC Updated
User WSCHNITZ Updated
User DANPENNY Updated
User SSLOBODI Updated
User DLONSDAL Updated
User SMCCOOL Updated
User MATWELLS Updated
User GCARROLL Updated
User LEBURTON Updated
User MMATTHEW Updated
User DJENNING Updated
User ECOLLIER Updated
User MEMCCALL Updated
User WNIMCO Updated
User DEWALKER Updated
User DMCGREGO Updated
User MKINGSBU Updated
User NHAMBLET Updated
User KGIBOS Updated
User EMIBEGIN Updated
User SDAVIES Updated
User MCANNEY Updated
User MATSTEWA Updated
User BROMPRE Updated
User SMADDEN Updated
User MIVIDAL Updated
User KARNCOOK Updated
User PQUILT Updated
User DAMAHON Updated
User ESHEBIB Updated
User TAKEITH Updated
User CHEPEARS Updated
User S1ANDERS Updated
User TRMANN Updated
User ISTALEY Updated
User TBLIGHT Updated
User JMONZON Updated
User COSESKY Updated
User DDUFOUR Updated
User JWELCH Updated
User GSULLIVA Updated
User LABURTON Updated
User ANDCARTE Updated
User ACSCOTT Updated
User VIMANN Updated
User JOSHWILK Updated
User LGELLATL Updated
User LARAHU Updated
User JTHACKER Updated
The update script finished successfully
Beginning to add new Idirs
User JOLAWSON Updated
User CAMIRAND Updated
User BSHRIGLE Updated
User EHAMADE Updated
User JANRGALV Updated
User EMSMITH Updated
User GDYCK Updated
User VDESNOYE Updated
User SOPHIAKI Updated
User OLINDOKK Updated
User MPOTHECA Updated
User DISMACKA Updated
User SCONCEPC Updated
User RYANNICK Updated
User KLEARNED Updated
User SHASTUBE Updated
User CSHEARER Updated
User DFITZGER Updated
User CWIECZOR Updated
User LJWINDEC Updated
User CHRISFAU Updated
User LTHERRIE Updated
User DZFROLEK Updated
User JHELMY Updated
User TUMLAH Updated
User CBLATCHF Updated
User CHARTLEY Updated
User JEBERT Updated
The add script finished successfully
All Idir updates finished successfully
Logs were successfully split
Beginning to delete old idirs.
The delete script finished successfully
Beginning to update current Idirs
User CBORCHER Updated
User AFOOTE Updated
User LSEELY Updated
User APAICESE Updated
User ICOATES Updated
User KAPANOWI Updated
User OMARSHAL Updated
User KTKIM Updated
User JMACKNEE Updated
User JRWAITE Updated
User OBARTER Updated
User LDOYLE Updated
User DEANANDR Updated
User MELOUTIT Updated
User CDPARKER Updated
User AOICOLLI Updated
User MHIEBERT Updated
User AROLLHEI Updated
User LGHART Updated
User MARWENDO Updated
User KKYNOCH Updated
User MMAHIL Updated
User ERSAUNDE Updated
User ELSMITH Updated
User SLHOWARD Updated
User TREIDLIN Updated
User DJOHNSON Updated
User CKIRKPAT Updated
User NKALOUSE Updated
User VSADJADI Updated
User MGENIER Updated
User JAMHALL Updated
User JDOCKREL Updated
User SWEST Updated
User NICMORRI Updated
User MCOTTING Updated
User SHASTEAR Updated
User CAWILLEY Updated
User JOMILLER Updated
User RYBENNET Updated
User BMCKENZI Updated
User GFISHLOC Updated
User WPINNEGA Updated
User BFOOTE Updated
User HKREBS Updated
User SRICHEY Updated
User GHORLEY Updated
User EFLAA Updated
User CKING Updated
User ALNAGEL Updated
User VANELSON Updated
User DABRAHAM Updated
User BCEMERY Updated
User TZAYTSOF Updated
User BPASQUAL Updated
User TAYDESOU Updated
User CORFAL Updated
User CECKFELD Updated
User EPULLIN Updated
User JHOLDER Updated
User PAWILLIA Updated
User RROYER Updated
User MFASSINA Updated
User DANWILKI Updated
User RSATRUM Updated
User CMACDOUG Updated
User ADOUGLAS Updated
User BENBOUCH Updated
User EBGRIFFI Updated
User WJELLALI Updated
User ARBUCHAN Updated
User ESMILLS Updated
User JLOVE Updated
User ENIESSEN Updated
User CADAMSON Updated
User TYCHARLE Updated
User JJDUMAIN Updated
User BRENTBYE Updated
User JNOWICKI Updated
User SLANGNER Updated
User TRINJAME Updated
User EMACKAY Updated
User DIBURTON Updated
User TORTON Updated
User LKRASKE Updated
User LAKITCHE Updated
User CARRIGG Updated
User MABROWN Updated
User CVANEATO Updated
User MYSCTR31 Updated
User DAVEPETE Updated
User PARIPLEY Updated
User KGRIMES Updated
User RWALKER Updated
User NYASINCH Updated
User EPECK Updated
User STEPHILL Updated
User PNICOLSO Updated
User GMELANSO Updated
User TJFRANCI Updated
User JPITTMAN Updated
User SMCGOWAN Updated
User RKIMMERL Updated
User ATEPPIN Updated
User YCHADWIC Updated
User NIDODD Updated
User WIWALLAC Updated
User JSIAH Updated
User JCHAMPIO Updated
User ZHEDSTR Updated
User MRUSSELL Updated
User CTROUGHT Updated
User LANAKAMU Updated
User KKEPLER Updated
User JEMOTTIS Updated
User VMCCAIG Updated
User GPOFFENR Updated
User RBGRAY Updated
User RJMILLEN Updated
User DSMARSHA Updated
User EVHALL Updated
User JASJONES Updated
User WOCONNEL Updated
User DWEISGER Updated
User JGOUBAUL Updated
User KARSANDE Updated
User PECOX Updated
User RLULUA Updated
User ECONWAYB Updated
User BLOVE Updated
User GWINTHER Updated
User AJENKINS Updated
User JHALOVIC Updated
User DEBBULL Updated
User TCORDING Updated
User PBRADY Updated
User JERMITCH Updated
User BFISHBOO Updated
User JOCONNEL Updated
User NCARLSON Updated
User CHELDELL Updated
User EJONSSON Updated
User IANKERR Updated
User SSKOG Updated
User MRLORENZ Updated
User JOANNENG Updated
User DROBICHA Updated
User KALBANA Updated
User CORMURRA Updated
User KDANCHUK Updated
User COBELL Updated
User AMAURER Updated
User PEBLACK Updated
User DGEORGE Updated
User ROMCMILL Updated
User KATBENNE Updated
User EWATSON Updated
User WHEGGS Updated
User JBAUER Updated
User KLHAKA Updated
User STOEWS Updated
User NIFISHER Updated
User MDKLASSE Updated
User OHUGHES Updated
User AMBRADY Updated
User GLANDERS Updated
User JOLIEMAN Updated
User KSMART Updated
User CLINDSAY Updated
User JGAGNE Updated
User BKRAWEC Updated
User BWYVILLE Updated
User OPOJAR Updated
User KKRIESE Updated
User RABAKER Updated
User JEBUTLER Updated
User MYTRUONG Updated
User SSTEPHEN Updated
User JUSNELSO Updated
User PAFRIESE Updated
User MMORI Updated
User WILHARDY Updated
User JEMACDON Updated
User JWALWEBB Updated
User TFALKINE Updated
User GEOWARR Updated
User RMUMFORD Updated
User RKERR Updated
User JBILES Updated
User THOMBLAS Updated
User JLEGACY Updated
User NAMSON Updated
User HAATWAL Updated
User DANTHOMP Updated
User SBICHLMA Updated
User WCROLL Updated
User LELVINGK Updated
User MSANDHU Updated
User JOPRITCH Updated
User KNESBITT Updated
User CANELSON Updated
User LWATERER Updated
User SHARMILL Updated
User JPINEIRO Updated
User STPAUL Updated
User JUBERGST Updated
User DAPALMER Updated
User BKINGSLE Updated
User CBENNISO Updated
User NLUBBE Updated
User JIMHIGHS Updated
User LTHOLLAN Updated
User RWPRATT Updated
User CAMEWILL Updated
User AGUENTHE Updated
User KBREWER Updated
User CRICHBUR Updated
User ANDRMACD Updated
User OMERRITT Updated
User LEWRIGHT Updated
User HASCOTT Updated
User BHIDBER Updated
User SPUDETZ Updated
User PATROTTE Updated
User SHERIBOR Updated
User RANELIUN Updated
User CRICE Updated
User JHELFER Updated
User NNEALE Updated
User RWESTLEY Updated
User JOCWEBER Updated
User BKINKELA Updated
User JEWARNER Updated
User CJACOB Updated
User AELLIOTT Updated
User JOREJOHN Updated
User GBWENGER Updated
User JPLANT Updated
User HORSINI Updated
User RFINLEY Updated
User NWARREN Updated
User SHELDROB Updated
User HMOLCAK Updated
User JPGUIMON Updated
User KSTRABY Updated
User TLESIUK Updated
User JPOLMANT Updated
User TYHOPKIN Updated
User GHARRIES Updated
User DHINSHAW Updated
User PRHEHL Updated
User ANDYLOW Updated
User EHIMMELM Updated
User AMCLAUGH Updated
User TQUIN Updated
User DFVIRTUE Updated
User AALZAREE Updated
User AURICHAR Updated
User JLWILKIN Updated
User SVEPETER Updated
User MMESSETT Updated
User DAEDWARD Updated
User SBISHOP Updated
User TANEFF Updated
User SCPARKIN Updated
User HSTUPICH Updated
User TRTROTTI Updated
User BNOWAK Updated
User WSTRACHA Updated
User DHRYCYK Updated
User JESSCHAM Updated
User RWASSENA Updated
User CHBROWN Updated
User PAMANHAS Updated
User PLARGE Updated
User JFUKUMOT Updated
User AWOOD Updated
User LQUILT Updated
User JMULVAHI Updated
User JHAYLES Updated
User BARDICK Updated
User JPHARDY Updated
User TESMITH Updated
User SHSMITH Updated
User MYSCTR16 Updated
User CGALLEY Updated
User GIROBBIN Updated
User BAMCINTO Updated
User NAGILES Updated
User SKEOUGH Updated
User DGUISE Updated
User BRCAMPBE Updated
User BLEGGETT Updated
User KPEPP2 Updated
User RWALSER Updated
User DSTONE Updated
User TIMARTIN Updated
User JWOLLENB Updated
User SHORN Updated
User JHANNAM Updated
User HAREINER Updated
User UWITTAL Updated
User DZARKOVI Updated
User LEDGING Updated
User CSVOBODA Updated
User BLARSSON Updated
User EBJARNAS Updated
User DSALY Updated
User JAMBAKER Updated
User TEWART Updated
User SLPEARCE Updated
User PTCHABOT Updated
User ELJONSSO Updated
User PGRAHAM Updated
User IRUBY Updated
User ACHERIAN Updated
User PABRAHAM Updated
User KWEREMCH Updated
User KANOWAK Updated
User RZACHARY Updated
User ELAWLESS Updated
User VINLEE Updated
User ESILVER Updated
User JMANTLE Updated
User LEEROBER Updated
User LDUNCAN Updated
User CHALTNER Updated
User DACCIARO Updated
User ARORVIK Updated
User SAHALL Updated
User JMCLAUGH Updated
User AMMILLER Updated
User KNOWAK Updated
User GKNOCHEN Updated
User TMBLEWET Updated
User GBANGAY Updated
User STTAYLOR Updated
User GEMACDON Updated
User LHAMPSON Updated
User JELKABBA Updated
User EDELORME Updated
User MPACHOLC Updated
User JMAYSE Updated
User MOMARSHA Updated
User JAMMCLEA Updated
User SMCRAE Updated
User BVANDERL Updated
User SROSENAU Updated
User KFRANK Updated
User DNTHOMSO Updated
User PGILLIS Updated
User KLROBERT Updated
User AGOSS Updated
User SHANJOHN Updated
User RFIDDIS Updated
User TSCROSBY Updated
User NDEHOOG Updated
User JNHARRIS Updated
User KSHARP Updated
User JACWILLI Updated
User QDONALDS Updated
User ALORSA Updated
User LUPETERS Updated
User MTESKE Updated
User WHORSFAL Updated
User ZHUNTLEY Updated
User KKUNNATH Updated
User RLORAAS Updated
User JCUNNING Updated
User LPEACHEY Updated
User JLAURETT Updated
User JGARNETT Updated
User SHDONOVA Updated
User RCURRAN Updated
User DADESCHE Updated
User BJRICHAR Updated
User DISBISTE Updated
User THUNTING Updated
User AROCHEST Updated
User RHOEGLER Updated
User EEJOHNSO Updated
User VDETTWIL Updated
User JENHENDE Updated
User ASPATTER Updated
User TMEYER Updated
User JWHELAN Updated
User LBOUMA Updated
User HOLSEN Updated
User SVILLECO Updated
User EEAGLE Updated
User ERIMCCOR Updated
User NDOBSON Updated
User NKAMBO Updated
User ALAWRENC Updated
User PLONG Updated
User ARLEWIS Updated
User REALLAIN Updated
User NINADKAR Updated
User DARNELSO Updated
User GCHRISTO Updated
User TCADDELL Updated
User PDELGADO Updated
User CLLEWELL Updated
User KHANNEWY Updated
User MPAULSON Updated
User JERHUNTE Updated
User TALOGAN Updated
User JCASANO Updated
User DGRANTIE Updated
User BGOWLER Updated
User CHAZELTO Updated
User ABBMORGA Updated
User JADRICHA Updated
User AABEL Updated
User LCHENAIL Updated
User JGAVRIEL Updated
User BFAHY Updated
User NIEDGING Updated
User KRIBARNE Updated
User MCOLONNA Updated
User JULMARTI Updated
User RICHARRI Updated
User IUMSCHEI Updated
User CHOLDEN Updated
User JORDLIN Updated
User AKITS Updated
User DYSMITH Updated
User CTOTH Updated
User FEGUNYU Updated
User RGARBER Updated
User LPAGE Updated
User OJESSOP Updated
User APRICE Updated
User MCONTRER Updated
User PHGRACE Updated
User KMILHOME Updated
User AUFORRES Updated
User DEANFORD Updated
User RMELVIN Updated
User TRMILLER Updated
User OHARRISO Updated
User EWALKER Updated
User ABOLDEN Updated
User MATTHEBR Updated
User JCARYK Updated
User DDELANY Updated
User GLYNDOYL Updated
User LUJAMES Updated
User TSTOOCHN Updated
User MSULIAK Updated
User TWALKER Updated
User RYWRIGHT Updated
User RKRAUSE Updated
User RBERGEN Updated
User FWEAVER Updated
User EGORMAN Updated
User VGASTON Updated
User BRDIXON Updated
User SANTOINE Updated
User LHENNIG Updated
User TCARUTHE Updated
User ESHEENA Updated
User WRDIRKS Updated
User SCHOO Updated
User NVERSEVE Updated
User JOCROTEA Updated
User CESTPIER Updated
User TJREED Updated
User SJELLALI Updated
User JHYRCYK Updated
User ERIMITCH Updated
User MBLOWER Updated
User SSATRE Updated
User CFLINTON Updated
User TRWATTER Updated
User MOBEAULI Updated
User ADCLARKE Updated
User LMAHON Updated
User NGAMRACY Updated
User RGRAYSTO Updated
User VGEORGYE Updated
User JSAHARCH Updated
User MBOOKOUT Updated
User NSILVER Updated
User PWBIRCH Updated
User DKIRCHNE Updated
User BRASTEWA Updated
User JGOODFEL Updated
User MBOAG Updated
User JASINCLA Updated
User EBRUNS Updated
User ECHILDS Updated
User AWALTERS Updated
User CUWATSON Updated
User MHCARRIE Updated
User KAHARNES Updated
User KLEPOIDE Updated
User JOANDRES Updated
User TEMEL Updated
User MAGDILLO Updated
User GNORTHRO Updated
User SARMCBRI Updated
User DZACKODN Updated
User ZMARTIN Updated
User JEASMITH Updated
User EMACINNI Updated
User JNISHIMA Updated
User ALYUBOMU Updated
User CBROWN Updated
User ASCHUSTE Updated
User JOUNDJIA Updated
User MIKINAHA Updated
User EWEINSTE Updated
User JZONNEVE Updated
User OWATKINS Updated
User AFLOCKHA Updated
User AMDICAST Updated
User ZSAUVE Updated
User GURDHALI Updated
User FOLSONMA Updated
User PNIKKEL Updated
User BWORTHIN Updated
User BMILHOME Updated
User NTESCH Updated
User LIMRICH Updated
User DMUHLERT Updated
User HMASSEY Updated
User PAKENNED Updated
User TFELDING Updated
User JCUTTS Updated
User PFAULKNE Updated
User CBOREK Updated
User MMACKAYG Updated
User MEBERT Updated
User JFISHER Updated
User JOBAUER Updated
User SAMPEET Updated
User CRFITZPA Updated
User MKINGSTO Updated
User RYWILLIA Updated
User VPPEHS Updated
User JHASKINS Updated
User DTATTERS Updated
User SKRIESE Updated
User CKARRAS Updated
User LDECOUTA Updated
User HLEANNE Updated
User ACARRIER Updated
User TEMURPHY Updated
User BHALLGRE Updated
User ADUFFY Updated
User NROGERS Updated
User KKITSON Updated
User MMOUSSEA Updated
User KMESSOM Updated
User DERAND Updated
User MDITTARO Updated
User DLEVESQU Updated
User NBARBER Updated
User TPATREAU Updated
User RUDYCK Updated
User LORSTAD Updated
User KWAITE Updated
User MWELKE Updated
User BRYOUNG Updated
User GDESNOYE Updated
User PHISCH Updated
User DPERRAKI Updated
User LSKOLROO Updated
User BCOLLIER Updated
User JECJOANI Updated
User SDAVISBI Updated
User LWARNOCK Updated
User KOISBIST Updated
User TBAIRD Updated
User JOHNBOIV Updated
User EMPFLEID Updated
User CPLATER Updated
User JOHNMASH Updated
User HEPENNER Updated
User DEBURNS Updated
User BPAYNE Updated
User WMCNEIL Updated
User EDICK Updated
User AWESTERG Updated
User KATHOMPS Updated
User JZERR Updated
User SWARNOCK Updated
User TDOWHY Updated
User THEFFERN Updated
User LARNIXON Updated
User JAMBLER Updated
User BMACAULA Updated
User SSERBIC Updated
User WSCHNITZ Updated
User DANPENNY Updated
User SSLOBODI Updated
User DLONSDAL Updated
User SMCCOOL Updated
User MATWELLS Updated
User GCARROLL Updated
User LEBURTON Updated
User MMATTHEW Updated
User DJENNING Updated
User ECOLLIER Updated
User MEMCCALL Updated
User WNIMCO Updated
User DEWALKER Updated
User DMCGREGO Updated
User MKINGSBU Updated
User NHAMBLET Updated
User KGIBOS Updated
User EMIBEGIN Updated
User SDAVIES Updated
User MCANNEY Updated
User MATSTEWA Updated
User BROMPRE Updated
User SMADDEN Updated
User MIVIDAL Updated
User KARNCOOK Updated
User PQUILT Updated
User DAMAHON Updated
User ESHEBIB Updated
User TAKEITH Updated
User CHEPEARS Updated
User S1ANDERS Updated
User TRMANN Updated
User ISTALEY Updated
User TBLIGHT Updated
User JMONZON Updated
User COSESKY Updated
User DDUFOUR Updated
User JWELCH Updated
User GSULLIVA Updated
User LABURTON Updated
User ANDCARTE Updated
User ACSCOTT Updated
User VIMANN Updated
User JOSHWILK Updated
User LGELLATL Updated
User LARAHU Updated
User JTHACKER Updated
The update script finished successfully
Beginning to add new Idirs
User JOLAWSON Updated
User CAMIRAND Updated
User BSHRIGLE Updated
User EHAMADE Updated
User JANRGALV Updated
User EMSMITH Updated
User GDYCK Updated
User VDESNOYE Updated
User SOPHIAKI Updated
User OLINDOKK Updated
User MPOTHECA Updated
User DISMACKA Updated
User SCONCEPC Updated
User RYANNICK Updated
User KLEARNED Updated
User SHASTUBE Updated
User CSHEARER Updated
User DFITZGER Updated
User CWIECZOR Updated
User LJWINDEC Updated
User CHRISFAU Updated
User LTHERRIE Updated
User DZFROLEK Updated
User JHELMY Updated
User TUMLAH Updated
User CBLATCHF Updated
User CHARTLEY Updated
User JEBERT Updated
The add script finished successfully
All Idir updates finished successfully
Logs were successfully split
Beginning to delete old idirs.
The delete script finished successfully
Beginning to update current Idirs
User CBORCHER Updated
User AFOOTE Updated
User LSEELY Updated
User APAICESE Updated
User ICOATES Updated
User KAPANOWI Updated
User OMARSHAL Updated
User KTKIM Updated
User JMACKNEE Updated
User JRWAITE Updated
User OBARTER Updated
User LDOYLE Updated
User DEANANDR Updated
User MELOUTIT Updated
User CDPARKER Updated
User AOICOLLI Updated
User MHIEBERT Updated
User AROLLHEI Updated
User LGHART Updated
User MARWENDO Updated
User KKYNOCH Updated
User MMAHIL Updated
User ERSAUNDE Updated
User ELSMITH Updated
User SLHOWARD Updated
User TREIDLIN Updated
User DJOHNSON Updated
User CKIRKPAT Updated
User NKALOUSE Updated
User VSADJADI Updated
User MGENIER Updated
User JAMHALL Updated
User JDOCKREL Updated
User SWEST Updated
User NICMORRI Updated
User MCOTTING Updated
User SHASTEAR Updated
User CAWILLEY Updated
User JOMILLER Updated
User RYBENNET Updated
User BMCKENZI Updated
User GFISHLOC Updated
User WPINNEGA Updated
User BFOOTE Updated
User HKREBS Updated
User SRICHEY Updated
User GHORLEY Updated
User EFLAA Updated
User CKING Updated
User ALNAGEL Updated
User VANELSON Updated
User DABRAHAM Updated
User BCEMERY Updated
User TZAYTSOF Updated
User BPASQUAL Updated
User TAYDESOU Updated
User CORFAL Updated
User CECKFELD Updated
User EPULLIN Updated
User JHOLDER Updated
User PAWILLIA Updated
User RROYER Updated
User MFASSINA Updated
User DANWILKI Updated
User RSATRUM Updated
User CMACDOUG Updated
User ADOUGLAS Updated
User BENBOUCH Updated
User EBGRIFFI Updated
User WJELLALI Updated
User ARBUCHAN Updated
User ESMILLS Updated
User JLOVE Updated
User ENIESSEN Updated
User CADAMSON Updated
User TYCHARLE Updated
User JJDUMAIN Updated
User BRENTBYE Updated
User JNOWICKI Updated
User SLANGNER Updated
User TRINJAME Updated
User EMACKAY Updated
User DIBURTON Updated
User TORTON Updated
User LKRASKE Updated
User LAKITCHE Updated
User CARRIGG Updated
User MABROWN Updated
User CVANEATO Updated
User MYSCTR31 Updated
User DAVEPETE Updated
User PARIPLEY Updated
User KGRIMES Updated
User RWALKER Updated
User NYASINCH Updated
User EPECK Updated
User STEPHILL Updated
User PNICOLSO Updated
User GMELANSO Updated
User TJFRANCI Updated
User JPITTMAN Updated
User SMCGOWAN Updated
User RKIMMERL Updated
User ATEPPIN Updated
User YCHADWIC Updated
User NIDODD Updated
User WIWALLAC Updated
User JSIAH Updated
User JCHAMPIO Updated
User ZHEDSTR Updated
User MRUSSELL Updated
User CTROUGHT Updated
User LANAKAMU Updated
User KKEPLER Updated
User JEMOTTIS Updated
User VMCCAIG Updated
User GPOFFENR Updated
User RBGRAY Updated
User RJMILLEN Updated
User DSMARSHA Updated
User EVHALL Updated
User JASJONES Updated
User WOCONNEL Updated
User DWEISGER Updated
User JGOUBAUL Updated
User KARSANDE Updated
User PECOX Updated
User RLULUA Updated
User ECONWAYB Updated
User BLOVE Updated
User GWINTHER Updated
User AJENKINS Updated
User JHALOVIC Updated
User DEBBULL Updated
User TCORDING Updated
User PBRADY Updated
User JERMITCH Updated
User BFISHBOO Updated
User JOCONNEL Updated
User NCARLSON Updated
User CHELDELL Updated
User EJONSSON Updated
User IANKERR Updated
User SSKOG Updated
User MRLORENZ Updated
User JOANNENG Updated
User DROBICHA Updated
User KALBANA Updated
User CORMURRA Updated
User KDANCHUK Updated
User COBELL Updated
User AMAURER Updated
User PEBLACK Updated
User DGEORGE Updated
User ROMCMILL Updated
User KATBENNE Updated
User EWATSON Updated
User WHEGGS Updated
User JBAUER Updated
User KLHAKA Updated
User STOEWS Updated
User NIFISHER Updated
User MDKLASSE Updated
User OHUGHES Updated
User AMBRADY Updated
User GLANDERS Updated
User JOLIEMAN Updated
User KSMART Updated
User CLINDSAY Updated
User JGAGNE Updated
User BKRAWEC Updated
User BWYVILLE Updated
User OPOJAR Updated
User KKRIESE Updated
User RABAKER Updated
User JEBUTLER Updated
User MYTRUONG Updated
User SSTEPHEN Updated
User JUSNELSO Updated
User PAFRIESE Updated
User MMORI Updated
User WILHARDY Updated
User JEMACDON Updated
User JWALWEBB Updated
User TFALKINE Updated
User GEOWARR Updated
User RMUMFORD Updated
User RKERR Updated
User JBILES Updated
User THOMBLAS Updated
User JLEGACY Updated
User NAMSON Updated
User HAATWAL Updated
User DANTHOMP Updated
User SBICHLMA Updated
User WCROLL Updated
User LELVINGK Updated
User MSANDHU Updated
User JOPRITCH Updated
User KNESBITT Updated
User CANELSON Updated
User LWATERER Updated
User SHARMILL Updated
User JPINEIRO Updated
User STPAUL Updated
User JUBERGST Updated
User DAPALMER Updated
User BKINGSLE Updated
User CBENNISO Updated
User NLUBBE Updated
User JIMHIGHS Updated
User LTHOLLAN Updated
User RWPRATT Updated
User CAMEWILL Updated
User AGUENTHE Updated
User KBREWER Updated
User CRICHBUR Updated
User ANDRMACD Updated
User OMERRITT Updated
User LEWRIGHT Updated
User HASCOTT Updated
User BHIDBER Updated
User SPUDETZ Updated
User PATROTTE Updated
User SHERIBOR Updated
User RANELIUN Updated
User CRICE Updated
User JHELFER Updated
User NNEALE Updated
User RWESTLEY Updated
User JOCWEBER Updated
User BKINKELA Updated
User JEWARNER Updated
User CJACOB Updated
User AELLIOTT Updated
User JOREJOHN Updated
User GBWENGER Updated
User JPLANT Updated
User HORSINI Updated
User RFINLEY Updated
User NWARREN Updated
User SHELDROB Updated
User HMOLCAK Updated
User JPGUIMON Updated
User KSTRABY Updated
User TLESIUK Updated
User JPOLMANT Updated
User TYHOPKIN Updated
User GHARRIES Updated
User DHINSHAW Updated
User PRHEHL Updated
User ANDYLOW Updated
User EHIMMELM Updated
User AMCLAUGH Updated
User TQUIN Updated
User DFVIRTUE Updated
User AALZAREE Updated
User AURICHAR Updated
User JLWILKIN Updated
User SVEPETER Updated
User MMESSETT Updated
User DAEDWARD Updated
User SBISHOP Updated
User TANEFF Updated
User SCPARKIN Updated
User HSTUPICH Updated
User TRTROTTI Updated
User BNOWAK Updated
User WSTRACHA Updated
User DHRYCYK Updated
User JESSCHAM Updated
User RWASSENA Updated
User CHBROWN Updated
User PAMANHAS Updated
User PLARGE Updated
User JFUKUMOT Updated
User AWOOD Updated
User LQUILT Updated
User JMULVAHI Updated
User JHAYLES Updated
User BARDICK Updated
User JPHARDY Updated
User TESMITH Updated
User SHSMITH Updated
User MYSCTR16 Updated
User CGALLEY Updated
User GIROBBIN Updated
User BAMCINTO Updated
User NAGILES Updated
User SKEOUGH Updated
User DGUISE Updated
User BRCAMPBE Updated
User BLEGGETT Updated
User KPEPP2 Updated
User RWALSER Updated
User DSTONE Updated
User TIMARTIN Updated
User JWOLLENB Updated
User SHORN Updated
User JHANNAM Updated
User HAREINER Updated
User UWITTAL Updated
User DZARKOVI Updated
User LEDGING Updated
User CSVOBODA Updated
User BLARSSON Updated
User EBJARNAS Updated
User DSALY Updated
User JAMBAKER Updated
User TEWART Updated
User SLPEARCE Updated
User PTCHABOT Updated
User ELJONSSO Updated
User PGRAHAM Updated
User IRUBY Updated
User ACHERIAN Updated
User PABRAHAM Updated
User KWEREMCH Updated
User KANOWAK Updated
User RZACHARY Updated
User ELAWLESS Updated
User VINLEE Updated
User ESILVER Updated
User JMANTLE Updated
User LEEROBER Updated
User LDUNCAN Updated
User CHALTNER Updated
User DACCIARO Updated
User ARORVIK Updated
User SAHALL Updated
User JMCLAUGH Updated
User AMMILLER Updated
User KNOWAK Updated
User GKNOCHEN Updated
User TMBLEWET Updated
User GBANGAY Updated
User STTAYLOR Updated
User GEMACDON Updated
User LHAMPSON Updated
User JELKABBA Updated
User EDELORME Updated
User MPACHOLC Updated
User JMAYSE Updated
User MOMARSHA Updated
User JAMMCLEA Updated
User SMCRAE Updated
User BVANDERL Updated
User SROSENAU Updated
User KFRANK Updated
User DNTHOMSO Updated
User PGILLIS Updated
User KLROBERT Updated
User AGOSS Updated
User SHANJOHN Updated
User RFIDDIS Updated
User TSCROSBY Updated
User NDEHOOG Updated
User JNHARRIS Updated
User KSHARP Updated
User JACWILLI Updated
User QDONALDS Updated
User ALORSA Updated
User LUPETERS Updated
User MTESKE Updated
User WHORSFAL Updated
User ZHUNTLEY Updated
User KKUNNATH Updated
User RLORAAS Updated
User JCUNNING Updated
User LPEACHEY Updated
User JLAURETT Updated
User JGARNETT Updated
User SHDONOVA Updated
User RCURRAN Updated
User DADESCHE Updated
User BJRICHAR Updated
User DISBISTE Updated
User THUNTING Updated
User AROCHEST Updated
User RHOEGLER Updated
User EEJOHNSO Updated
User VDETTWIL Updated
User JENHENDE Updated
User ASPATTER Updated
User TMEYER Updated
User JWHELAN Updated
User LBOUMA Updated
User HOLSEN Updated
User SVILLECO Updated
User EEAGLE Updated
User ERIMCCOR Updated
User NDOBSON Updated
User NKAMBO Updated
User ALAWRENC Updated
User PLONG Updated
User ARLEWIS Updated
User REALLAIN Updated
User NINADKAR Updated
User DARNELSO Updated
User GCHRISTO Updated
User TCADDELL Updated
User PDELGADO Updated
User CLLEWELL Updated
User KHANNEWY Updated
User MPAULSON Updated
User JERHUNTE Updated
User TALOGAN Updated
User JCASANO Updated
User DGRANTIE Updated
User BGOWLER Updated
User CHAZELTO Updated
User ABBMORGA Updated
User JADRICHA Updated
User AABEL Updated
User LCHENAIL Updated
User JGAVRIEL Updated
User BFAHY Updated
User NIEDGING Updated
User KRIBARNE Updated
User MCOLONNA Updated
User JULMARTI Updated
User RICHARRI Updated
User IUMSCHEI Updated
User CHOLDEN Updated
User JORDLIN Updated
User AKITS Updated
User DYSMITH Updated
User CTOTH Updated
User FEGUNYU Updated
User RGARBER Updated
User LPAGE Updated
User OJESSOP Updated
User APRICE Updated
User MCONTRER Updated
User PHGRACE Updated
User KMILHOME Updated
User AUFORRES Updated
User DEANFORD Updated
User RMELVIN Updated
User TRMILLER Updated
User OHARRISO Updated
User EWALKER Updated
User ABOLDEN Updated
User MATTHEBR Updated
User JCARYK Updated
User DDELANY Updated
User GLYNDOYL Updated
User LUJAMES Updated
User TSTOOCHN Updated
User MSULIAK Updated
User TWALKER Updated
User RYWRIGHT Updated
User RKRAUSE Updated
User RBERGEN Updated
User FWEAVER Updated
User EGORMAN Updated
User VGASTON Updated
User BRDIXON Updated
User SANTOINE Updated
User LHENNIG Updated
User TCARUTHE Updated
User ESHEENA Updated
User WRDIRKS Updated
User SCHOO Updated
User NVERSEVE Updated
User JOCROTEA Updated
User CESTPIER Updated
User TJREED Updated
User SJELLALI Updated
User JHYRCYK Updated
User ERIMITCH Updated
User MBLOWER Updated
User SSATRE Updated
User CFLINTON Updated
User TRWATTER Updated
User MOBEAULI Updated
User ADCLARKE Updated
User LMAHON Updated
User NGAMRACY Updated
User RGRAYSTO Updated
User VGEORGYE Updated
User JSAHARCH Updated
User MBOOKOUT Updated
User NSILVER Updated
User PWBIRCH Updated
User DKIRCHNE Updated
User BRASTEWA Updated
User JGOODFEL Updated
User MBOAG Updated
User JASINCLA Updated
User EBRUNS Updated
User ECHILDS Updated
User AWALTERS Updated
User CUWATSON Updated
User MHCARRIE Updated
User KAHARNES Updated
User KLEPOIDE Updated
User JOANDRES Updated
User TEMEL Updated
User MAGDILLO Updated
User GNORTHRO Updated
User SARMCBRI Updated
User DZACKODN Updated
User ZMARTIN Updated
User JEASMITH Updated
User EMACINNI Updated
User JNISHIMA Updated
User ALYUBOMU Updated
User CBROWN Updated
User ASCHUSTE Updated
User JOUNDJIA Updated
User MIKINAHA Updated
User EWEINSTE Updated
User JZONNEVE Updated
User OWATKINS Updated
User AFLOCKHA Updated
User AMDICAST Updated
User ZSAUVE Updated
User GURDHALI Updated
User FOLSONMA Updated
User PNIKKEL Updated
User BWORTHIN Updated
User BMILHOME Updated
User NTESCH Updated
User LIMRICH Updated
User DMUHLERT Updated
User HMASSEY Updated
User PAKENNED Updated
User TFELDING Updated
User JCUTTS Updated
User PFAULKNE Updated
User CBOREK Updated
User MMACKAYG Updated
User MEBERT Updated
User JFISHER Updated
User JOBAUER Updated
User SAMPEET Updated
User CRFITZPA Updated
User MKINGSTO Updated
User RYWILLIA Updated
User VPPEHS Updated
User JHASKINS Updated
User DTATTERS Updated
User SKRIESE Updated
User CKARRAS Updated
User LDECOUTA Updated
User HLEANNE Updated
User ACARRIER Updated
User TEMURPHY Updated
User BHALLGRE Updated
User ADUFFY Updated
User NROGERS Updated
User KKITSON Updated
User MMOUSSEA Updated
User KMESSOM Updated
User DERAND Updated
User MDITTARO Updated
User DLEVESQU Updated
User NBARBER Updated
User TPATREAU Updated
User RUDYCK Updated
User LORSTAD Updated
User KWAITE Updated
User MWELKE Updated
User BRYOUNG Updated
User GDESNOYE Updated
User PHISCH Updated
User DPERRAKI Updated
User LSKOLROO Updated
User BCOLLIER Updated
User JECJOANI Updated
User SDAVISBI Updated
User LWARNOCK Updated
User KOISBIST Updated
User TBAIRD Updated
User JOHNBOIV Updated
User EMPFLEID Updated
User CPLATER Updated
User JOHNMASH Updated
User HEPENNER Updated
User DEBURNS Updated
User BPAYNE Updated
User WMCNEIL Updated
User EDICK Updated
User AWESTERG Updated
User KATHOMPS Updated
User JZERR Updated
User SWARNOCK Updated
User TDOWHY Updated
User THEFFERN Updated
User LARNIXON Updated
User JAMBLER Updated
User BMACAULA Updated
User SSERBIC Updated
User WSCHNITZ Updated
User DANPENNY Updated
User SSLOBODI Updated
User DLONSDAL Updated
User SMCCOOL Updated
User MATWELLS Updated
User GCARROLL Updated
User LEBURTON Updated
User MMATTHEW Updated
User DJENNING Updated
User ECOLLIER Updated
User MEMCCALL Updated
User WNIMCO Updated
User DEWALKER Updated
User DMCGREGO Updated
User MKINGSBU Updated
User NHAMBLET Updated
User KGIBOS Updated
User EMIBEGIN Updated
User SDAVIES Updated
User MCANNEY Updated
User MATSTEWA Updated
User BROMPRE Updated
User SMADDEN Updated
User MIVIDAL Updated
User KARNCOOK Updated
User PQUILT Updated
User DAMAHON Updated
User ESHEBIB Updated
User TAKEITH Updated
User CHEPEARS Updated
User S1ANDERS Updated
User TRMANN Updated
User ISTALEY Updated
User TBLIGHT Updated
User JMONZON Updated
User COSESKY Updated
User DDUFOUR Updated
User JWELCH Updated
User GSULLIVA Updated
User LABURTON Updated
User ANDCARTE Updated
User ACSCOTT Updated
User VIMANN Updated
User JOSHWILK Updated
User LGELLATL Updated
User LARAHU Updated
User JTHACKER Updated
The update script finished successfully
Beginning to add new Idirs
User JOLAWSON Updated
User CAMIRAND Updated
User BSHRIGLE Updated
User EHAMADE Updated
User JANRGALV Updated
User EMSMITH Updated
User GDYCK Updated
User VDESNOYE Updated
User SOPHIAKI Updated
User OLINDOKK Updated
User MPOTHECA Updated
User DISMACKA Updated
User SCONCEPC Updated
User RYANNICK Updated
User KLEARNED Updated
User SHASTUBE Updated
User CSHEARER Updated
User DFITZGER Updated
User CWIECZOR Updated
User LJWINDEC Updated
User CHRISFAU Updated
User LTHERRIE Updated
User DZFROLEK Updated
User JHELMY Updated
User TUMLAH Updated
User CBLATCHF Updated
User CHARTLEY Updated
User JEBERT Updated
The add script finished successfully
All Idir updates finished successfully
