New directory created at Public://idir/20180815
Remote idir.tsv file found
Copied the file to drupal public folder
Logs were successfully split
Beginning to delete old idirs.
The delete script finished successfully
Beginning to update current Idirs
New directory created at Public://idir/20180815
Remote idir.tsv file found
Copied the file to drupal public folder
Logs were successfully split
Beginning to delete old idirs.
The delete script finished successfully
Beginning to update current Idirs
New directory created at Public://idir/20180815
Remote idir.tsv file found
Copied the file to drupal public folder
Logs were successfully split
Beginning to delete old idirs.
The delete script finished successfully
Beginning to update current Idirs
